         4
    1.32617800840   0   0    50.00000000000         rC
   82.49135436947   0   0     1.00000000000       AHF0
   33.49332062325   0   0     1.00000000000       AHF1
    1.00005374328   0   0   100.00000000000       BHF0
    0.10724278652   0   0   100.00000000000       BHF1
    1.27368748907   0   0    50.00000000000        CHF
   -0.16837326149   0   0   200.00000000000        DHF
    0.49498128985   0   0    20.00000000000        EHF
    0.47231605626   0   0    20.00000000000        FHF
   20.43039051083   0   0    10.00000000000        rHF
   16.48441394528   0   0     1.00000000000        aHF
    2.10008632599   0   0  1000.00000000000   Csurface
   53.35785552614   0   0     1.00000000000   Dsurface
   26.22297028235   0   0     5.00000000000   msurface
   27.01008867814   0   0     2.00000000000 Asurface208P
   12.85370269294   0   0     1.00000000000 Bsurface208P
   27.35813568304   0   0     2.00000000000 Asurface208N
   17.56532069195   0   0     1.00000000000 Bsurface208N
   32.14300442764   0   0     2.00000000000 Asurface40
   12.76432949812   0   0     1.00000000000 Bsurface40
   21.29522717552   0   0     2.00000000000 Asurface48P
   18.51615180613   0   0     1.00000000000 Bsurface48P
   33.03593075895   0   0     2.00000000000 Asurface48N
   16.35900000000   0   0     1.00000000000 Bsurface48N
   34.04728524952   0   0     2.00000000000 Asurface42P
   15.15350000000   0   0     1.00000000000 Bsurface42P
   24.71676967922   1   0     2.00000000000 Asurface44P
   16.58000000000   0   0     1.00000000000 Bsurface44P
   30.51384858632   1   0     2.00000000000 Asurface58P
   15.65000000000   0   0     1.00000000000 Bsurface58P
   35.87030315736   1   0     2.00000000000 Asurface60P
   14.77600000000   0   0     1.00000000000 Bsurface60P
   32.15345740517   1   0     2.00000000000 Asurface62P
   13.95000000000   0   0     1.00000000000 Bsurface62P
    1.14050862351   0   0    50.00000000000 Asurface64P
    0.57778775689   0   0    20.00000000000 Bsurface64P
    0.00000000000   0   1   100.00000000000   rsurface
    6.79274776822   0   0     1.00000000000   asurface
    1.89215704465   0   0     1.00000000000   Epvolume
   46.31144125704   0   0     1.00000000000  Avolume_0
    0.00000000000   0   0     1.00000000000  Avolume_1
    1.34268422339   0   0    50.00000000000  Bvolume_0
   -0.01013823719   0   0   100.00000000000  Bvolume_1
    0.33526767360   0   0  1000.00000000000    Rvolume
   40.00006494694   0   0     1.00000000000     deltaR
    0.72760076853   0   0    20.00000000000       expR
   -0.04176738931   0   0  1000.00000000000    avolume
   60.00000000000   0   0     1.00000000000         Ea
    0.08000000000   0   0  1000.00000000000 alphaOverA
    6.15039220178   0   0     1.00000000000        Vso
    0.00000000000   0   0   100.00000000000    VspinoE
    1.22615004389   0   0    50.00000000000        rso
   -0.63926260113   0   0    50.00000000000        aso
    0.65563772670   0   0    20.00000000000       AWso
    0.00032440184   0   0   100.00000000000       BWso
 
 minimun chi squared = 0.00000000000
