         4
    1.38215129783   0   0    50.00000000000         rC
   82.49135436947   0   0     1.00000000000       AHF0
   33.49332062325   0   0     1.00000000000       AHF1
    0.97732840146   0   0   100.00000000000       BHF0
    0.07918007545   0   0   100.00000000000       BHF1
    1.27874557089   0   0    50.00000000000        CHF
   -0.17185214431   0   0   200.00000000000        DHF
    0.51200516474   0   0    20.00000000000        EHF
    0.40108603397   0   0    20.00000000000        FHF
   20.56574004844   0   0    10.00000000000        rHF
   13.62855270355   0   0     1.00000000000        aHF
    2.06869895357   0   0  1000.00000000000   Csurface
   63.16006829873   0   0     1.00000000000   Dsurface
   28.24371845578   0   0     5.00000000000   msurface
   26.97528803157   0   0     2.00000000000 Asurface208P
   13.41348734959   0   0     1.00000000000 Bsurface208P
   26.37336586539   0   0     2.00000000000 Asurface208N
   16.73423298748   0   0     1.00000000000 Bsurface208N
   34.17186962502   0   0     2.00000000000 Asurface40
   12.88160677748   0   0     1.00000000000 Bsurface40
   21.29522717552   0   0     2.00000000000 Asurface48P
   18.51615180613   0   0     1.00000000000 Bsurface48P
   33.51775489492   1   0     2.00000000000 Asurface48N
   15.76000000000   0   0     1.00000000000 Bsurface48N
   35.35581746528   1   0     2.00000000000 Asurface42P
   14.81500000000   0   0     1.00000000000 Bsurface42P
   25.04893355896   0   0     2.00000000000 Asurface44P
   15.93000000000   0   0     1.00000000000 Bsurface44P
   31.23215464539   0   0     2.00000000000 Asurface58P
   15.19000000000   0   0     1.00000000000 Bsurface58P
   36.66967920815   0   0     2.00000000000 Asurface60P
   14.49000000000   0   0     1.00000000000 Bsurface60P
   32.95146894332   0   0     2.00000000000 Asurface62P
   13.84000000000   0   0     1.00000000000 Bsurface62P
    1.16020365448   0   0    50.00000000000 Asurface64P
    0.54742222838   0   0    20.00000000000 Bsurface64P
    0.00000000000   0   1   100.00000000000   rsurface
    6.79855282815   0   0     1.00000000000   asurface
    1.51753477458   0   0     1.00000000000   Epvolume
   42.89579609118   0   0     1.00000000000  Avolume_0
    0.00000000000   0   0     1.00000000000  Avolume_1
    1.34116063829   0   0    50.00000000000  Bvolume_0
   -0.01013235838   0   0   100.00000000000  Bvolume_1
    0.37220067832   0   0  1000.00000000000    Rvolume
   40.00006494694   0   0     1.00000000000     deltaR
    0.73534416871   0   0    20.00000000000       expR
   -0.04056866377   0   0  1000.00000000000    avolume
   60.00000000000   0   0     1.00000000000         Ea
    0.08000000000   0   0  1000.00000000000 alphaOverA
    5.58908298408   0   0     1.00000000000        Vso
    0.00000000000   0   0   100.00000000000    VspinoE
    1.23632545698   0   0    50.00000000000        rso
   -0.64086042286   0   0    50.00000000000        aso
    0.66011928428   0   0    20.00000000000       AWso
   -0.00000404973   0   0   100.00000000000       BWso
 
 minimun chi squared = 0.00000000000
