         4
    1.38215129783   1   0    50.00000000000         rC
   82.49135436947   0   0     1.00000000000       AHF0
   33.49332062325   0   0     1.00000000000       AHF1
    0.97732840146   1   0   100.00000000000       beta
    0.07918007545   1   0   100.00000000000      gamma
    1.27874557089   1   0    50.00000000000       rHF0
   -0.17185214431   1   0   200.00000000000       rHF1
    0.51200516474   1   0    20.00000000000       aHF0
    0.40108603397   1   0    20.00000000000       aHF1
   20.56574004844   1   0    10.00000000000   Csurface
   13.62855270355   1   0     1.00000000000   Dsurface
    2.06869895357   1   0  1000.00000000000   msurface
   63.16006829873   1   0     1.00000000000 Asurface208P
   28.24371845578   1   0     5.00000000000 Bsurface208P
   26.97528803157   1   0     2.00000000000 Asurface208N
   13.41348734959   1   0     1.00000000000 Bsurface208N
   26.37336586539   1   0     2.00000000000 Asurface40
   16.73423298748   1   0     1.00000000000 Bsurface40
   34.17186962502   1   0     2.00000000000 Asurface48P
   12.88160677748   1   0     1.00000000000 Bsurface48P
   21.29522717552   1   0     2.00000000000 Asurface48N
   18.51615180613   1   0     1.00000000000 Bsurface48N
   33.51775489492   0   0     2.00000000000 Asurface42P
   15.76000000000   0   0     1.00000000000 Bsurface42P
   35.35581746528   0   0     2.00000000000 Asurface44P
   14.81500000000   0   0     1.00000000000 Bsurface44P
   25.04893355896   0   0     2.00000000000 Asurface58P
   15.93000000000   0   0     1.00000000000 Bsurface58P
   31.23215464539   0   0     2.00000000000 Asurface60P
   15.19000000000   0   0     1.00000000000 Bsurface60P
   36.66967920815   0   0     2.00000000000 Asurface62P
   14.49000000000   0   0     1.00000000000 Bsurface62P
   32.95146894332   0   0     2.00000000000 Asurface64P
   13.84000000000   0   0     1.00000000000 Bsurface64P
    1.16020365448   1   0    50.00000000000   rsurface
    0.54742222838   1   0    20.00000000000   asurface
    0.00000000000   0   1   100.00000000000   Epvolume
    6.79855282815   1   0     1.00000000000  Avolume_0
    3.20000000000   0   0     1.00000000000  Avolume_1
   42.89579609118   1   0     1.00000000000  Bvolume_0
    0.00000000000   0   0     1.00000000000  Bvolume_1
    1.34116063829   1   0    50.00000000000   rvolume0
   -0.01013235838   1   0   100.00000000000   rvolume1
    0.37220067832   1   0  1000.00000000000     deltaR
   40.00006494694   0   0     1.00000000000       expR
    0.73534416871   1   0    20.00000000000   avolume0
   -0.04056866377   1   0  1000.00000000000   avolume1
   60.00000000000   0   0     1.00000000000         Ea
    0.08000000000   0   0  1000.00000000000 alphaOverA
    5.58908298408   1   0     1.00000000000        Vso
    0.00000000000   0   0   100.00000000000    VspinoE
    1.23632545698   1   0    50.00000000000       rso0
   -0.64086042286   1   0    50.00000000000       rso1
    0.66011928428   1   0    20.00000000000       aso0
   -0.00000404973   1   0   100.00000000000       aso1
   -5.33984641170   1   0    10.00000000000       AWso
  228.29345653141   1   0     1.00000000000       BWso
 
 minimun chi squared = 0.00000000000
