         4
    1.36001383836   0   0    50.00000000000         rC
   82.49135436947   0   0     1.00000000000       AHF0
   33.49332062325   0   0     1.00000000000       AHF1
    1.00648995927   1   0   100.00000000000       beta
    0.18351686237   1   0   100.00000000000      gamma
    1.23184881035   1   0    50.00000000000        rHF
    0.62965157723   1   0    20.00000000000        aHF
   19.88756721263   0   0    10.00000000000   Csurface
   13.33618328287   0   0     1.00000000000   Dsurface
    2.02564593744   0   0  1000.00000000000   msurface
   59.28588825728   0   0     1.00000000000 Asurface208P
   28.30702600449   0   0     5.00000000000 Bsurface208P
   26.74063198755   0   0     2.00000000000 Asurface208N
   13.24813006216   0   0     1.00000000000 Bsurface208N
   26.13378868250   0   0     2.00000000000 Asurface40
   16.13117446815   0   0     1.00000000000 Bsurface40
   34.84736800141   0   0     2.00000000000 Asurface48P
   12.83084932450   0   0     1.00000000000 Bsurface48P
   21.08896386814   0   0     2.00000000000 Asurface48N
   18.82871800190   0   0     1.00000000000 Bsurface48N
   31.03558500852   0   0     2.00000000000 Asurface42P
   15.95000000000   0   0     1.00000000000 Bsurface42P
   33.20386703615   0   0     2.00000000000 Asurface44P
   15.00500000000   0   0     1.00000000000 Bsurface44P
   24.20064744221   0   0     2.00000000000 Asurface58P
   16.23700000000   0   0     1.00000000000 Bsurface58P
   28.62501980423   0   0     2.00000000000 Asurface60P
   15.53000000000   0   0     1.00000000000 Bsurface60P
   33.94651195118   0   0     2.00000000000 Asurface62P
   14.87600000000   0   0     1.00000000000 Bsurface62P
   32.90281613529   0   0     2.00000000000 Asurface64P
   14.26000000000   0   0     1.00000000000 Bsurface64P
    1.16294265434   0   0    50.00000000000   rsurface
    0.55609672833   0   0    20.00000000000   asurface
    0.00000000000   0   1   100.00000000000   Epvolume
    6.77325723155   0   0     1.00000000000  Avolume_0
    1.41585373529   0   0     1.00000000000  Avolume_1
   41.82536649602   0   0     1.00000000000  Bvolume_0
    0.00000000000   0   0     1.00000000000  Bvolume_1
    1.33798274140   0   0    50.00000000000    Rvolume
    0.38528615995   0   0  1000.00000000000     deltaR
   40.00006494694   0   0     1.00000000000       expR
    0.72802843523   0   0    20.00000000000   avolume0
    0.00000000000   0   0  1000.00000000000   avolume1
   60.00000000000   0   0     1.00000000000         Ea
    0.08000000000   0   0  1000.00000000000 alphaOverA
    5.41612810194   0   0     1.00000000000        Vso
    0.00000000000   0   0   100.00000000000    VspinoE
    1.11637000036   0   0    50.00000000000        rso
    0.65971229718   0   0    20.00000000000        aso
   -5.34903365350   0   0    10.00000000000       AWso
  228.27431448935   0   0     1.00000000000       BWso
 
 minimun chi squared = 114.16149767288
