         4
    1.31000000000   0   0    50.00000000000         rC
   38.49135436947   0   0     1.00000000000       AHF0
   33.49332062325   0   0     1.00000000000       AHF1
    0.38930923816   1   0    10.00000000000       BHF0
    0.06161452458   1   0    10.00000000000       BHF1
   21.83497307307   1   0     2.00000000000        CHF
    0.08982496387   1   0    10.00000000000        DHF
    0.00000000000   0   0     1.00000000000        EHF
    0.00000000000   0   0     1.00000000000        FHF
    1.21764137952   1   0    50.00000000000        rHF
    0.66068774688   1   0    20.00000000000        aHF
   11.68133869039   1   0    10.00000000000   Csurface
   13.10554789933   1   0     1.00000000000   Dsurface
    2.46007736687   1   0  1000.00000000000   msurface
   50.92362065932   0   0     1.00000000000 Asurface208P
   27.91512605764   0   0     5.00000000000 Bsurface208P
   24.02657817672   0   0     2.00000000000 Asurface208N
   11.89126723537   0   0     1.00000000000 Bsurface208N
   33.45035309295   1   0     2.00000000000 Asurface40
   15.90906738645   1   0     1.00000000000 Bsurface40
   45.26925788446   1   0     2.00000000000 Asurface48P
   12.58868484884   1   0     1.00000000000 Bsurface48P
   27.06404052289   1   0     2.00000000000 Asurface48N
   16.29220126656   1   0     1.00000000000 Bsurface48N
   31.03558500852   0   0     2.00000000000 Asurface42P
   15.95000000000   0   0     1.00000000000 Bsurface42P
   33.20386703615   0   0     2.00000000000 Asurface44P
   15.00500000000   0   0     1.00000000000 Bsurface44P
   24.20064744221   0   0     2.00000000000 Asurface58P
   16.23700000000   0   0     1.00000000000 Bsurface58P
   28.62501980423   0   0     2.00000000000 Asurface60P
   15.53000000000   0   0     1.00000000000 Bsurface60P
   33.94651195118   0   0     2.00000000000 Asurface62P
   14.87600000000   0   0     1.00000000000 Bsurface62P
   32.90281613529   0   0     2.00000000000 Asurface64P
   14.26000000000   0   0     1.00000000000 Bsurface64P
    1.18538073797   1   0    50.00000000000   rsurface
    0.54151311968   1   0    20.00000000000   asurface
    0.00000000000   0   1   100.00000000000   Epvolume
    6.11700000000   0   0     1.00000000000  Avolume_0
    4.74000000000   0   0     1.00000000000  Avolume_1
   38.45000000000   0   0     1.00000000000  Bvolume_0
    0.00000000000   0   0     1.00000000000  Bvolume_1
    1.36322884238   1   0    50.00000000000    Rvolume
    1.61135400415   1   0   100.00000000000     deltaR
   40.78000000000   0   0     1.00000000000       expR
    0.62391177002   1   0    20.00000000000    avolume
   60.00000000000   0   0     1.00000000000         Ea
    0.08000000000   0   0  1000.00000000000 alphaOverA
    5.18915331021   1   0     1.00000000000        Vso
    0.00000000000   0   0   100.00000000000    VspinoE
    1.02182841445   1   0    50.00000000000        rso
    0.62800000000   0   0    20.00000000000        aso
   -4.09200000000   0   0    10.00000000000       AWso
  223.73000000000   0   0     1.00000000000       BWso
 
 minimun chi squared = 92.23777151116
