         4
    1.31000000000   0   0    50.00000000000         rC
   38.49135436947   0   0     1.00000000000       AHF0
   33.49332062325   0   0     1.00000000000       AHF1
    0.38503244410   1   0    10.00000000000       BHF0
   -0.13342139149   1   0    10.00000000000       BHF1
   21.84829884478   1   0     2.00000000000        CHF
    0.09363994152   1   0    10.00000000000        DHF
    0.00000000000   0   0     1.00000000000        EHF
    0.00000000000   0   0     1.00000000000        FHF
    1.21779077326   1   0    50.00000000000        rHF
    0.64858745503   1   0    20.00000000000        aHF
   11.71076733594   1   0    10.00000000000   Csurface
   13.50312308774   1   0     1.00000000000   Dsurface
    2.42896797650   1   0  1000.00000000000   msurface
   50.92362065932   0   0     1.00000000000 Asurface208P
   27.91512605764   0   0     5.00000000000 Bsurface208P
   24.02657817672   0   0     2.00000000000 Asurface208N
   11.89126723537   0   0     1.00000000000 Bsurface208N
   32.05640385083   1   0     2.00000000000 Asurface40
   15.70527613367   1   0     1.00000000000 Bsurface40
   48.77550352088   1   0     2.00000000000 Asurface48P
   12.57751556179   1   0     1.00000000000 Bsurface48P
   25.30737121640   1   0     2.00000000000 Asurface48N
   15.23397190924   1   0     1.00000000000 Bsurface48N
   31.03558500852   0   0     2.00000000000 Asurface42P
   15.95000000000   0   0     1.00000000000 Bsurface42P
   33.20386703615   0   0     2.00000000000 Asurface44P
   15.00500000000   0   0     1.00000000000 Bsurface44P
   24.20064744221   0   0     2.00000000000 Asurface58P
   16.23700000000   0   0     1.00000000000 Bsurface58P
   28.62501980423   0   0     2.00000000000 Asurface60P
   15.53000000000   0   0     1.00000000000 Bsurface60P
   33.94651195118   0   0     2.00000000000 Asurface62P
   14.87600000000   0   0     1.00000000000 Bsurface62P
   32.90281613529   0   0     2.00000000000 Asurface64P
   14.26000000000   0   0     1.00000000000 Bsurface64P
    1.17251316475   1   0    50.00000000000   rsurface
    0.53167304707   1   0    20.00000000000   asurface
    0.00000000000   0   1   100.00000000000   Epvolume
    6.11700000000   0   0     1.00000000000  Avolume_0
   -1.80652666191   1   0     1.00000000000  Avolume_1
   39.22797476800   1   0     1.00000000000  Bvolume_0
    0.00000000000   0   0     1.00000000000  Bvolume_1
    1.37899838012   1   0    50.00000000000    Rvolume
    2.00000000000   0   0   100.00000000000     deltaR
   41.54967322091   1   0     1.00000000000       expR
    0.61652271243   1   0    20.00000000000    avolume
   60.00000000000   0   0     1.00000000000         Ea
    0.08000000000   0   0  1000.00000000000 alphaOverA
    5.21023575982   1   0     1.00000000000        Vso
    0.00000000000   0   0   100.00000000000    VspinoE
    1.02669417858   1   0    50.00000000000        rso
    0.62800000000   0   0    20.00000000000        aso
   -4.09200000000   0   0    10.00000000000       AWso
  223.73000000000   0   0     1.00000000000       BWso
 
 minimun chi squared = 90.63242972396
