         4
    1.31000000000   0   0    50.00000000000         rC
   38.49135436947   0   0     1.00000000000       AHF0
   33.49332062325   0   0     1.00000000000       AHF1
    0.37415240137   1   0    10.00000000000       BHF0
   -0.08446997094   1   0    10.00000000000       BHF1
   20.28199414841   1   0     2.00000000000        CHF
    0.10030055123   1   0    10.00000000000        DHF
    0.00000000000   0   0     1.00000000000        EHF
    0.00000000000   0   0     1.00000000000        FHF
    1.21761826166   1   0    50.00000000000        rHF
    0.64827162019   1   0    20.00000000000        aHF
   14.14905448788   1   0    10.00000000000   Csurface
   14.23572114495   1   0     1.00000000000   Dsurface
    2.33035015623   1   0  1000.00000000000   msurface
   50.92362065932   0   0     1.00000000000 Asurface208P
   27.91512605764   0   0     5.00000000000 Bsurface208P
   24.02657817672   0   0     2.00000000000 Asurface208N
   11.89126723537   0   0     1.00000000000 Bsurface208N
   29.00056973919   1   0     2.00000000000 Asurface40
   15.90210103336   1   0     1.00000000000 Bsurface40
   41.77944728434   1   0     2.00000000000 Asurface48P
   12.60565867921   1   0     1.00000000000 Bsurface48P
   23.14432731586   1   0     2.00000000000 Asurface48N
   16.15669867283   1   0     1.00000000000 Bsurface48N
   31.03558500852   0   0     2.00000000000 Asurface42P
   15.95000000000   0   0     1.00000000000 Bsurface42P
   33.20386703615   0   0     2.00000000000 Asurface44P
   15.00500000000   0   0     1.00000000000 Bsurface44P
   24.20064744221   0   0     2.00000000000 Asurface58P
   16.23700000000   0   0     1.00000000000 Bsurface58P
   28.62501980423   0   0     2.00000000000 Asurface60P
   15.53000000000   0   0     1.00000000000 Bsurface60P
   33.94651195118   0   0     2.00000000000 Asurface62P
   14.87600000000   0   0     1.00000000000 Bsurface62P
   32.90281613529   0   0     2.00000000000 Asurface64P
   14.26000000000   0   0     1.00000000000 Bsurface64P
    1.17376362619   1   0    50.00000000000   rsurface
    0.52789828722   1   0    20.00000000000   asurface
    0.00000000000   0   1   100.00000000000   Epvolume
    6.33568038117   1   0     1.00000000000  Avolume_0
   -0.44173725893   1   0     1.00000000000  Avolume_1
   35.21822575708   1   0     1.00000000000  Bvolume_0
    0.00000000000   0   0     1.00000000000  Bvolume_1
    1.37858675538   1   0    50.00000000000    Rvolume
    0.69149268607   1   0   100.00000000000     deltaR
   50.04900749460   1   0     1.00000000000       expR
    0.64127689332   1   0    20.00000000000    avolume
   60.00000000000   0   0     1.00000000000         Ea
    0.08000000000   0   0  1000.00000000000 alphaOverA
    5.34868460594   1   0     1.00000000000        Vso
    0.00000000000   0   0   100.00000000000    VspinoE
    1.03147479682   1   0    50.00000000000        rso
    0.61738784564   1   0    20.00000000000        aso
   -3.96472949505   1   0    10.00000000000       AWso
  211.64761810279   1   0     1.00000000000       BWso
 
 minimun chi squared = 88.47056724208
