         4
    1.31000000000   0   0    50.00000000000         rC
   38.49135436947   0   0     1.00000000000       AHF0
   33.49332062325   0   0     1.00000000000       AHF1
    0.37615210477   1   0    10.00000000000       beta
   -0.14214873525   1   0    10.00000000000      gamma
   18.93404485146   1   0     2.00000000000        rHF
    0.10073210513   1   0    10.00000000000        aHF
    0.00000000000   0   0     1.00000000000   Csurface
    0.00000000000   0   0     1.00000000000   Dsurface
    1.22049317214   1   0    50.00000000000   msurface
    0.64950318193   1   0    20.00000000000 Asurface208P
   15.00581089547   1   0    10.00000000000 Bsurface208P
   16.62895625277   1   0     1.00000000000 Asurface208N
    2.09814889808   1   0  1000.00000000000 Bsurface208N
   50.92362065932   0   0     1.00000000000 Asurface40
   27.91512605764   0   0     5.00000000000 Bsurface40
   24.02657817672   0   0     2.00000000000 Asurface48P
   11.89126723537   0   0     1.00000000000 Bsurface48P
   26.84045937643   1   0     2.00000000000 Asurface48N
   16.54379224574   1   0     1.00000000000 Bsurface48N
   37.66523586350   1   0     2.00000000000 Asurface42P
   13.01399302057   1   0     1.00000000000 Bsurface42P
   22.08644970357   1   0     2.00000000000 Asurface44P
   16.98999534034   1   0     1.00000000000 Bsurface44P
   31.03558500852   0   0     2.00000000000 Asurface58P
   15.95000000000   0   0     1.00000000000 Bsurface58P
   33.20386703615   0   0     2.00000000000 Asurface60P
   15.00500000000   0   0     1.00000000000 Bsurface60P
   24.20064744221   0   0     2.00000000000 Asurface62P
   16.23700000000   0   0     1.00000000000 Bsurface62P
   28.62501980423   0   0     2.00000000000 Asurface64P
   15.53000000000   0   0     1.00000000000 Bsurface64P
   33.94651195118   0   0     2.00000000000   rsurface
   14.87600000000   0   0     1.00000000000   asurface
   32.90281613529   0   0     2.00000000000   Epvolume
   14.26000000000   0   0     1.00000000000  Avolume_0
    1.17485056874   1   0    50.00000000000  Avolume_1
    0.53438025078   1   0    20.00000000000  Bvolume_0
    0.00000000000   0   1   100.00000000000  Bvolume_1
    6.59890726756   1   0     1.00000000000    Rvolume
    0.67151421367   1   0     1.00000000000     deltaR
   32.12428680647   1   0     1.00000000000       expR
    0.00000000000   0   0     1.00000000000   avolume0
    1.35343169328   1   0    50.00000000000   avolume1
    0.00000000000   0   0   100.00000000000         Ea
   34.09006494694   0   0     1.00000000000 alphaOverA
    0.71989717242   1   0    20.00000000000        Vso
    0.00000000000   0   0    20.00000000000    VspinoE
   60.00000000000   0   0     1.00000000000        rso
    0.08000000000   0   0  1000.00000000000    asoAWso
    5.50348036731   1   0     1.00000000000       BWso
    0.00000000000   0   0   100.00000000000           
 
 minimun chi squared = 0.00000000000
