         2          4
    1.31000000000   0   0    50.00000000000         rC
   38.49135436947   0   0     1.00000000000       AHF0
   33.49332062325   0   0     1.00000000000       AHF1
    0.31631401522   1   0    10.00000000000       BHF0
    0.27193611845   1   0    10.00000000000       BHF1
   11.54099418842   1   0     2.00000000000        CHF
    0.10229703268   1   0    10.00000000000        DHF
    0.00000000000   0   0     1.00000000000        EHF
    0.00000000000   0   0     1.00000000000        FHF
    1.24048911966   1   0    50.00000000000        rHF
    0.60895498643   1   0    20.00000000000        aHF
 1580.73651931980   1   0     1.00000000000 Asurface208P
   21.96026258931   1   0     5.00000000000 Bsurface208P
   11.18818239027   1   0    10.00000000000 E0surface208P
   21.67847272672   1   0     1.00000000000   Ssurface
 1033.97220712551   1   0     2.00000000000 Asurface208N
   13.64945159058   1   0     1.00000000000 Bsurface208N
    1.91126760065   1   0  1000.00000000000 E0surface208N
  742.87104885824   1   0     2.00000000000 Asurface40
   12.78931213170   1   0     1.00000000000 Bsurface40
   13.88541703116   1   0  1000.00000000000 E0surface40
 1462.51839853912   1   0     2.00000000000 Asurface48P
   14.35147172407   1   0     1.00000000000 Bsurface48P
   -4.20267995402   1   0  1000.00000000000 E0surface48P
  618.69222850421   1   0     2.00000000000 Asurface48N
   14.91670468921   1   0     1.00000000000 Bsurface48N
    7.91324001843   1   0  1000.00000000000 E0surface48N
    1.17450752749   1   0    50.00000000000   rsurface
    0.55036098972   1   0    20.00000000000   asurface
    0.00000000000   0   1   100.00000000000   Epvolume
    7.16434269775   1   0     1.00000000000  Avolume_0
    3.59900482999   1   0     1.00000000000  Avolume_1
   40.24116477928   1   0     1.00000000000  Bvolume_0
    0.00000000000   0   0     1.00000000000  Bvolume_1
    1.30977186370   1   0    50.00000000000    Rvolume
    3.25250500277   1   0   100.00000000000     deltaR
    0.02842418964   1   0  1000.00000000000       expR
    0.70717321637   1   0    20.00000000000    avolume
   60.00000000000   0   0     1.00000000000         Ea
    0.08000000000   0   0  1000.00000000000 alphaOverA
    5.04515677380   1   0     1.00000000000        Vso
    0.00000000000   0   0   100.00000000000    VspinoE
    1.08518250052   1   0    50.00000000000        rso
    0.62628351519   1   0    20.00000000000        aso
   -4.25130797911   1   0    10.00000000000       AWso
  231.49424398686   1   0     1.00000000000       BWso
 
 minimun chi squared = 0.00000000000
