         4          2          4          2          4
    1.31000000000   0   0    50.00000000000         rC
   38.49135436947   0   0     1.00000000000       AHF0
   33.49332062325   0   0     1.00000000000       AHF1
    0.37435068310   1   0    10.00000000000       BHF0
    0.00000000000   0   0    10.00000000000       BHF1
   20.10664935650   1   0     2.00000000000        CHF
    0.15687109581   1   0    10.00000000000        DHF
    0.00000000000   0   0     1.00000000000        EHF
    3.15862985134   1   0     1.00000000000        FHF
    1.18374705225   1   0    50.00000000000        rHF
    0.68204838173   1   0    20.00000000000        aHF
    0.00000000000   0   1   100.00000000000 Epsurface1
    5.85765730568   1   0     1.00000000000  Asurface1
   12.32754872237   1   0     5.00000000000  Bsurface1
    0.00000000000   0   0  1000.00000000000  Csurface1
  142.99384710689   1   1     1.00000000000   DeltaEp1
   35.74146956716   1   0     1.00000000000 Bsurface12
  130.65635439261   1   0     1.00000000000 Asurface2P
    0.00000000000   1   0     1.00000000000 Asurface2N
    6.70359758559   1   0     1.00000000000  Bsurface2
    0.00000000000   0   0  1000.00000000000  Csurface2
   10.63875423416   1   1     1.00000000000   DeltaEp2
   16.28083665459   1   0     1.00000000000 Bsurface22
    1.25404749954   1   0    50.00000000000   rsurface
    0.61111248469   1   0    20.00000000000   asurface
    0.00000000000   0   1   100.00000000000   Epvolume
    6.10709493287   1   0     1.00000000000  Avolume_0
    0.00000000000   0   0     1.00000000000  Avolume_1
   45.93931620600   1   0     1.00000000000  Bvolume_0
    0.00000000000   0   0     1.00000000000  Bvolume_1
    1.36886655973   1   0    50.00000000000    Rvolume
    0.00000000000   0   0   100.00000000000     deltaR
    0.02870636596   0   0  1000.00000000000       expR
    0.63715410607   1   0    20.00000000000    avolume
   60.00000000000   0   0     1.00000000000         Ea
    0.08000000000   0   0  1000.00000000000 alphaOverA
    5.39610513141   1   0     1.00000000000        Vso
   -0.00566773807   0   0   100.00000000000    VspinoE
    1.04666672552   1   0    50.00000000000        rso
    0.66526104697   1   0    20.00000000000        aso
   -4.46555600048   1   0    10.00000000000       AWso
  208.63667871445   1   0     1.00000000000       BWso
 
 minimun chi squared = 0.00000000000
