         2          4
    1.31000000000   0   0    50.00000000000         rC
   38.49135436947   0   0     1.00000000000       AHF0
   33.49332062325   0   0     1.00000000000       AHF1
    0.33998503377   0   0    10.00000000000       BHF0
    0.14884485132   0   0    10.00000000000       BHF1
   12.35139153366   0   0     2.00000000000        CHF
    0.10756511867   0   0    10.00000000000        DHF
    0.00000000000   0   0     1.00000000000        EHF
    0.00000000000   0   0     1.00000000000        FHF
    1.23923226556   0   0    50.00000000000        rHF
    0.60744498097   0   0    20.00000000000        aHF
 1659.01167421255   0   0     1.00000000000 Asurface208P
   24.55986476838   0   0     5.00000000000 Bsurface208P
    3.93113654952   0   0    10.00000000000 E0surface208P
   23.90396321275   0   0     1.00000000000   Ssurface
  958.30707227196   0   0     2.00000000000 Asurface208N
   12.32086489840   0   0     1.00000000000 Bsurface208N
    3.93113654952   0   0    10.00000000000 E0surface208N
  834.39580591761   0   0     2.00000000000 Asurface40
   16.71587773619   0   0     1.00000000000 Bsurface40
    3.93113654952   0   0    10.00000000000 E0surface40
 1130.71097639384   0   0     2.00000000000 Asurface48P
   12.61545910462   0   0     1.00000000000 Bsurface48P
    3.93113654952   0   0    10.00000000000 E0surface48P
  666.90546189011   0   0     2.00000000000 Asurface48N
   17.67225449506   0   0     1.00000000000 Bsurface48N
    3.93113654952   0   0    10.00000000000 E0surface48N
 1183.53212391376   1   0     2.00000000000 Asurface42P
   18.08846973368   1   0     1.00000000000 Bsurface42P
    3.93113654952   0   0    10.00000000000 E0surface42P
 1232.23081816502   0   0     2.00000000000 Asurface44P
   18.18432491355   0   0     1.00000000000 Bsurface44P
    3.93113654952   0   0    10.00000000000 E0surface44P
    1.16740156905   0   0    50.00000000000   rsurface
    0.58962968130   0   0    20.00000000000   asurface
    0.00000000000   0   1   100.00000000000   Epvolume
    7.25619223505   0   0     1.00000000000  Avolume_0
    2.24770141190   0   0     1.00000000000  Avolume_1
   39.46641020635   0   0     1.00000000000  Bvolume_0
    0.00000000000   0   0     1.00000000000  Bvolume_1
    1.31729909708   0   0    50.00000000000    Rvolume
    2.98614718938   0   0   100.00000000000     deltaR
    0.02996410471   0   0  1000.00000000000       expR
    0.72044438516   0   0    20.00000000000    avolume
   60.00000000000   0   0     1.00000000000         Ea
    0.08000000000   0   0  1000.00000000000 alphaOverA
    5.59742186879   0   0     1.00000000000        Vso
    0.00000000000   0   0   100.00000000000    VspinoE
    1.08487372674   0   0    50.00000000000        rso
    0.65340802705   0   0    20.00000000000        aso
   -4.45779515474   0   0    10.00000000000       AWso
  230.23581699378   0   0     1.00000000000       BWso
 
 minimun chi squared = 22.12406596572
