         4
    1.31000000000   0   0    50.00000000000         rC
   38.49135436947   0   0     1.00000000000       AHF0
   33.49332062325   0   0     1.00000000000       AHF1
    0.34461940367   1   0    10.00000000000       BHF0
    0.00000000000   0   0    10.00000000000       BHF1
   11.14375623100   1   0     2.00000000000        CHF
    0.12866848367   1   0    10.00000000000        DHF
    0.00000000000   0   0     1.00000000000        EHF
    0.00000000000   0   0     1.00000000000        FHF
    1.19605954927   1   0    50.00000000000        rHF
    0.67718167014   1   0    20.00000000000        aHF
   19.50056773806   1   0    10.00000000000   Csurface
   17.20450298987   1   0     1.00000000000   Dsurface
    1.30057586002   1   0  1000.00000000000   msurface
   55.14179365112   0   0     1.00000000000 Asurface208P
   27.90884361685   0   0     5.00000000000 Bsurface208P
   25.38624826118   0   0     2.00000000000 Asurface208N
   13.12044250988   0   0     1.00000000000 Bsurface208N
   24.00010315907   1   0     2.00000000000 Asurface40
   15.98236417594   1   0     1.00000000000 Bsurface40
   34.16157332790   0   0     2.00000000000 Asurface48P
   13.35936809462   0   0     1.00000000000 Bsurface48P
   20.85433687536   1   0     2.00000000000 Asurface48N
   21.10971079423   1   0     1.00000000000 Bsurface48N
   31.03558500852   0   0     2.00000000000 Asurface42P
   15.95000000000   0   0     1.00000000000 Bsurface42P
   33.20386703615   0   0     2.00000000000 Asurface44P
   15.00500000000   0   0     1.00000000000 Bsurface44P
   24.20064744221   0   0     2.00000000000 Asurface58P
   16.23700000000   0   0     1.00000000000 Bsurface58P
   28.62501980423   0   0     2.00000000000 Asurface60P
   15.53000000000   0   0     1.00000000000 Bsurface60P
   33.94651195118   0   0     2.00000000000 Asurface62P
   14.87600000000   0   0     1.00000000000 Bsurface62P
   32.90281613529   0   0     2.00000000000 Asurface64P
   14.26000000000   0   0     1.00000000000 Bsurface64P
    1.31110492205   1   0    50.00000000000   rsurface
    0.58703764260   1   0    20.00000000000   asurface
    0.00000000000   0   1   100.00000000000   Epvolume
    6.84730506517   1   0     1.00000000000  Avolume_0
   -2.69854605542   1   0     1.00000000000  Avolume_1
   45.00057290018   1   0     1.00000000000  Bvolume_0
    0.00000000000   0   0     1.00000000000  Bvolume_1
    1.34145862927   1   0    50.00000000000    Rvolume
    2.08505771883   1   0   100.00000000000     deltaR
   51.81746654589   1   0     1.00000000000       expR
    0.66052747807   1   0    20.00000000000    avolume
   60.00000000000   0   0     1.00000000000         Ea
    0.08000000000   0   0  1000.00000000000 alphaOverA
    6.68471111995   1   0     1.00000000000        Vso
    0.00000000000   0   0   100.00000000000    VspinoE
    0.99361676708   1   0    50.00000000000        rso
    0.53971860233   1   0    20.00000000000        aso
   -5.17477498795   1   0    10.00000000000       AWso
  122.03508565012   1   0     1.00000000000       BWso
 
 minimun chi squared = 29.87522975888
