         4
    1.31000000000   0   0    50.00000000000         rC
   38.49135436947   0   0     1.00000000000       AHF0
   33.49332062325   0   0     1.00000000000       AHF1
    0.39216191899   1   0    10.00000000000       BHF0
    0.00000000000   0   0    10.00000000000       BHF1
   17.69206332828   1   0     2.00000000000        CHF
    0.12288696294   1   0    10.00000000000        DHF
    0.00000000000   0   0     1.00000000000        EHF
    0.00000000000   0   0     1.00000000000        FHF
    1.19698004281   1   0    50.00000000000        rHF
    0.66151184276   1   0    20.00000000000        aHF
   21.44117617431   1   0    10.00000000000   Csurface
   15.13981542535   1   0     1.00000000000   Dsurface
    2.03168589266   0   0  1000.00000000000   msurface
   55.14179365112   0   0     1.00000000000 Asurface208P
   27.90884361685   0   0     5.00000000000 Bsurface208P
   25.38624826118   0   0     2.00000000000 Asurface208N
   13.12044250988   0   0     1.00000000000 Bsurface208N
   28.29810469279   1   0     2.00000000000 Asurface40
   20.80771407935   1   0     1.00000000000 Bsurface40
   34.16157332790   0   0     2.00000000000 Asurface48P
   13.35936809462   0   0     1.00000000000 Bsurface48P
   15.84597101404   1   0     2.00000000000 Asurface48N
   15.57312744887   1   0     1.00000000000 Bsurface48N
   31.03558500852   0   0     2.00000000000 Asurface42P
   15.95000000000   0   0     1.00000000000 Bsurface42P
   33.20386703615   0   0     2.00000000000 Asurface44P
   15.00500000000   0   0     1.00000000000 Bsurface44P
   24.20064744221   0   0     2.00000000000 Asurface58P
   16.23700000000   0   0     1.00000000000 Bsurface58P
   28.62501980423   0   0     2.00000000000 Asurface60P
   15.53000000000   0   0     1.00000000000 Bsurface60P
   33.94651195118   0   0     2.00000000000 Asurface62P
   14.87600000000   0   0     1.00000000000 Bsurface62P
   32.90281613529   0   0     2.00000000000 Asurface64P
   14.26000000000   0   0     1.00000000000 Bsurface64P
    1.25873352569   1   0    50.00000000000   rsurface
    0.56566918361   1   0    20.00000000000   asurface
    0.00000000000   0   1   100.00000000000   Epvolume
    6.09685349824   1   0     1.00000000000  Avolume_0
    1.19219322496   0   0     1.00000000000  Avolume_1
   50.74901847704   1   0     1.00000000000  Bvolume_0
    0.00000000000   0   0     1.00000000000  Bvolume_1
    1.39362668270   1   0    50.00000000000    Rvolume
    2.29878207316   1   0   100.00000000000     deltaR
   60.97151773183   1   0     1.00000000000       expR
    0.67542773548   1   0    20.00000000000    avolume
   60.00000000000   0   0     1.00000000000         Ea
    0.08000000000   0   0  1000.00000000000 alphaOverA
    6.83612056263   1   0     1.00000000000        Vso
    0.00000000000   0   0   100.00000000000    VspinoE
    1.10282354817   0   0    50.00000000000        rso
    0.65412759744   0   0    20.00000000000        aso
   -5.01333420867   0   0    10.00000000000       AWso
  229.77327579098   0   0     1.00000000000       BWso
 
 minimun chi squared = 19.34103086124
