         4
    1.31000000000   0   0    50.00000000000         rC
   38.49135436947   0   0     1.00000000000       AHF0
   33.49332062325   0   0     1.00000000000       AHF1
    0.31493997363   0   0    10.00000000000       BHF0
    0.00000000000   0   0    10.00000000000       BHF1
   15.30393702763   0   0     2.00000000000        CHF
    0.11963988862   0   0    10.00000000000        DHF
    0.00000000000   0   0     1.00000000000        EHF
    0.00000000000   0   0     1.00000000000        FHF
    1.24152996383   0   0    50.00000000000        rHF
    0.60707674263   0   0    20.00000000000        aHF
   19.36511461312   0   0    10.00000000000   Csurface
   14.01061470931   0   0     1.00000000000   Dsurface
    2.03168589266   0   0  1000.00000000000   msurface
   55.14179365112   0   0     1.00000000000 Asurface208P
   27.90884361685   0   0     5.00000000000 Bsurface208P
   25.38624826118   0   0     2.00000000000 Asurface208N
   13.12044250988   0   0     1.00000000000 Bsurface208N
   24.05711252056   1   0     2.00000000000 Asurface40
   16.99858229358   0   0     1.00000000000 Bsurface40
   24.05711252056   0   0     2.00000000000 Asurface48P
   13.35936809462   0   0     1.00000000000 Bsurface48P
   12.98270000000   0   0     2.00000000000 Asurface48N
   19.43254024279   0   0     1.00000000000 Bsurface48N
   31.03558500852   0   0     2.00000000000 Asurface42P
   15.95000000000   0   0     1.00000000000 Bsurface42P
   33.20386703615   0   0     2.00000000000 Asurface44P
   15.00500000000   0   0     1.00000000000 Bsurface44P
   24.20064744221   0   0     2.00000000000 Asurface58P
   16.23700000000   0   0     1.00000000000 Bsurface58P
   28.62501980423   0   0     2.00000000000 Asurface60P
   15.53000000000   0   0     1.00000000000 Bsurface60P
   33.94651195118   0   0     2.00000000000 Asurface62P
   14.87600000000   0   0     1.00000000000 Bsurface62P
   32.90281613529   0   0     2.00000000000 Asurface64P
   14.26000000000   0   0     1.00000000000 Bsurface64P
    1.16573767222   0   0    50.00000000000   rsurface
    0.57314433765   0   0    20.00000000000   asurface
    0.00000000000   0   1   100.00000000000   Epvolume
    7.04005119487   0   0     1.00000000000  Avolume_0
    1.19219322496   0   0     1.00000000000  Avolume_1
   40.61837198470   0   0     1.00000000000  Bvolume_0
    0.00000000000   0   0     1.00000000000  Bvolume_1
    1.34647748308   0   0    50.00000000000    Rvolume
    1.74438715713   0   0   100.00000000000     deltaR
   34.09006494694   0   0     1.00000000000       expR
    0.67357434166   0   0    20.00000000000    avolume
   60.00000000000   0   0     1.00000000000         Ea
    0.08000000000   0   0  1000.00000000000 alphaOverA
    5.42134586727   0   0     1.00000000000        Vso
    0.00000000000   0   0   100.00000000000    VspinoE
    1.10282354817   0   0    50.00000000000        rso
    0.65412759744   0   0    20.00000000000        aso
   -5.01333420867   0   0    10.00000000000       AWso
  229.77327579098   0   0     1.00000000000       BWso
 
 minimun chi squared = 0.00000000000
