         4
    1.05805532225   1   0    50.00000000000         rC
   92.49135436947   0   0     1.00000000000       AHF0
   33.49332062325   0   0     1.00000000000       AHF1
    1.12766371029   1   0   100.00000000000       beta
   -0.13893814947   1   0   100.00000000000      gamma
    1.28994380602   1   0    50.00000000000       rHF0
    0.00000000000   0   0   200.00000000000       rHF1
    0.60254223026   1   0    20.00000000000       aHF0
    0.00000000000   0   0    20.00000000000       aHF1
   12.57778539983   1   0     1.00000000000   Bsurface
   22.23374407389   1   0    10.00000000000   Csurface
    9.23655815502   1   0     1.00000000000   Dsurface
  113.90320523954   1   0  1000.00000000000   msurface
   35.59644034961   0   0     1.00000000000 Asurface208P
   26.22703652297   0   0     2.00000000000 Asurface208N
   25.51733145457   0   0     2.00000000000 Asurface40P
   29.15267864766   0   0     2.00000000000 Asurface40N
   43.83144538264   1   0     2.00000000000 Asurface48P
   17.58370915430   0   0     2.00000000000 Asurface48N
   34.12303174364   0   0     2.00000000000 Asurface42P
   36.79376303187   0   0     2.00000000000 Asurface44P
   27.61478493338   0   0     2.00000000000 Asurface58P
   34.83190509719   0   0     2.00000000000 Asurface58N
   32.41667960917   0   0     2.00000000000 Asurface60P
   32.78000482507   0   0     2.00000000000 Asurface60N
   39.83026234696   0   0     2.00000000000 Asurface62P
   68.13630742963   0   0     2.00000000000 Asurface62N
   34.09667947641   0   0     2.00000000000 Asurface64P
   37.96195595125   0   0     2.00000000000 Asurface64N
   27.50063929290   0   0     2.00000000000 Asurface54P
   26.42796776128   0   0     2.00000000000 Asurface54N
   28.59722015454   0   0     2.00000000000 Asurface52N
    1.18671587244   1   0    50.00000000000   rsurface
    0.49716782733   1   0    20.00000000000   asurface
    0.00000000000   0   1   100.00000000000   Epvolume
    8.25787704499   1   0     1.00000000000  Avolume_0
    0.00000000000   0   0     1.00000000000  Avolume_1
   46.35006743727   1   0     1.00000000000  Bvolume_0
    0.00000000000   0   0     1.00000000000  Bvolume_1
    1.27313116322   1   0    50.00000000000   rvolume0
    0.00000000000   0   0   100.00000000000   rvolume1
    0.70796233548   1   0  1000.00000000000     deltaR
   40.00006494694   0   0     1.00000000000       expR
    0.63462073171   1   0    20.00000000000   avolume0
    0.00000000000   0   0  1000.00000000000   avolume1
   60.00000000000   0   0     1.00000000000         Ea
    0.08000000000   0   0  1000.00000000000 alphaOverA
    5.49886185833   1   0     1.00000000000        Vso
    0.00000000000   0   0   100.00000000000    VspinoE
    1.22182530906   1   0    50.00000000000       rso0
    0.00000000000   0   0    50.00000000000       rso1
    0.68100603556   1   0    20.00000000000       aso0
    0.00000000000   0   0   100.00000000000       aso1
   -5.24154241260   0   0    10.00000000000       AWso
  220.76547724002   0   0     1.00000000000       BWso
 
 minimun chi squared = 20.67060664921
