         4
    1.30000000000   0   0    50.00000000000        rC0
    0.00000000000   0   0    50.00000000000        rC1
    1.00000000000   0   0    50.00000000000     fEcoul
   56.49135436947   0   0     1.00000000000       AHF0
   33.49332062325   0   0     1.00000000000       AHF1
    0.53805435448   1   0   100.00000000000      alpha
    0.00000000000   0   0   100.00000000000     alphaA
    0.19685442067   1   0  1000.00000000000    alphaNZ
   -0.00073547446   1   0 10000.00000000000       beta
   -0.00000000000   0   0 100000.00000000000      betaA
   -0.00000178674   1   0 1000000.00000000000      gamma
    0.00000000000   0   0 1000000.00000000000     gammaA
    8.21405364822   1   0   500.00000000000     alphaS
    0.00000000000   0   0   500.00000000000    alphaSA
    0.00000000000   0   0   500.00000000000   alphaSNZ
   11.63201796710   1   0     1.00000000000      betaS
    0.00000000000   0   0     1.00000000000     betaSA
   61.31793519556   1   0     1.00000000000     gammaS
    0.00000000000   0   0    10.00000000000    gammaSA
    1.18591448327   1   0    50.00000000000       rHF0
    0.00000000000   0   0   200.00000000000       rHF1
    0.00000000000   0   0   200.00000000000      rHFNZ
    0.65408138925   1   0    20.00000000000       aHF0
    0.00000000000   0   0    20.00000000000       aHF1
    0.90000000000   0   0    50.00000000000       fGap
   10.60230066964   1   0     1.00000000000   Bsurface
    0.00000000000   0   0   100.00000000000  BsurfaceA
   35.84598871038   1   0    10.00000000000   Csurface
    0.00000000000   0   0    10.00000000000  CsurfaceA
   12.57479256964   1   0     1.00000000000   Dsurface
   12.56672647103   0   0     1.00000000000 Asurface9P
   12.56672647103   0   0     1.00000000000 Asurface9N
   15.66527110150   1   0     2.00000000000 Asurface40P
   14.84512564291   1   0     2.00000000000 Asurface40N
   18.29454104523   1   0     1.00000000000 Asurface42P
   19.24623249278   1   0     1.00000000000 Asurface44P
   18.69432877792   1   0     2.00000000000 Asurface48P
   13.18724050597   1   0     1.00000000000 Asurface48N
   20.85545702989   1   0     1.00000000000 Asurface50P
   17.11535382203   1   0     1.00000000000 Asurface52P
   17.32843499254   1   0     1.00000000000 Asurface52N
   15.13797175718   1   0     1.00000000000 Asurface54P
   15.61871797999   1   0     1.00000000000 Asurface54N
   16.21490436552   1   0     1.00000000000 Asurface58P
   16.09098577764   1   0     1.00000000000 Asurface58N
   17.56518691584   1   0     1.00000000000 Asurface60P
   16.27369712954   1   0     1.00000000000 Asurface60N
   18.84315665591   1   0     1.00000000000 Asurface62P
   21.83078146549   0   0     1.00000000000 Asurface62N
   17.79171951322   1   0     1.00000000000 Asurface64P
   20.43742684945   0   0     1.00000000000 Asurface64N
   14.93709232902   0   0     1.00000000000 Asurface88P
   13.86617822485   0   0     1.00000000000 Asurface90P
   14.93709232902   0   0     1.00000000000 Asurface92P
   14.93709232902   0   0     1.00000000000 Asurface92N
   12.56672647103   0   0     1.00000000000 Asurface112P
   12.56672647103   0   0     1.00000000000 Asurface114P
   12.56672647103   0   0     1.00000000000 Asurface116P
   12.56672647103   0   0     1.00000000000 Asurface116N
   12.56672647103   0   0     1.00000000000 Asurface118P
   12.56672647103   0   0     1.00000000000 Asurface118N
   12.56672647103   0   0     1.00000000000 Asurface120P
   12.56672647103   0   0     1.00000000000 Asurface120N
   12.56672647103   0   0     1.00000000000 Asurface122P
   12.56672647103   0   0     1.00000000000 Asurface124P
   12.56672647103   0   0     1.00000000000 Asurface124N
   39.16817638873   0   0     1.00000000000 Asurface206P
   39.16817638873   0   0     1.00000000000 Asurface208P
   28.89045074262   0   0     2.00000000000 Asurface208N
    1.16618615587   1   0    50.00000000000  rsurface0
    0.00000000000   0   0    50.00000000000  rsurface1
    0.60000000000   0   0    20.00000000000   asurface
   11.00000000000   0   1   100.00000000000   Epvolume
    0.00000000000   0   0   100.00000000000      aHigh
    0.00000000000   0   0   100.00000000000    aHighNZ
   -1.00000000000   0   0     1.00000000000      bHigh
    0.02905905209   0   0  1000.00000000000      cHigh
    9.88419849458   1   0     1.00000000000  Avolume_0
    0.00000000000   0   0     1.00000000000  Avolume_1
    0.00000000000   0   0    10.00000000000  AvolumeA3
   41.75915922566   1   0     1.00000000000  Bvolume_0
    0.00000000000   0   0     1.00000000000  Bvolume_1
    0.00000000000   0   0     1.00000000000  BvolumeA3
    1.31226102906   1   0    50.00000000000   rvolume0
    0.00000000000   0   0    50.00000000000  rvolumeNZ
    0.00000000000   0   0   100.00000000000   rvolume1
    1.31895532214   1   0  1000.00000000000     deltaR
    0.00000000000   0   0  1000.00000000000   deltaRNZ
    0.00000000000   0   0  1000.00000000000    deltaRA
   38.72872773952   1   0     1.00000000000       expR
    0.60000000000   0   0    20.00000000000   avolume0
    0.00000000000   0   0  1000.00000000000   avolume1
   60.00000000000   0   0     1.00000000000         Ea
    0.08000000000   0   0  1000.00000000000 alphaOverA
    6.09395360228   1   0     1.00000000000        Vso
   -1.40088267977   1   0     2.00000000000      VsoNZ
    0.00000000000   0   0   100.00000000000    VspinoE
    0.99892657025   1   0    50.00000000000       rso0
    0.00000000000   0   0    50.00000000000       rso1
    0.67000000000   0   0    20.00000000000       aso0
    0.00000000000   0   0   100.00000000000       aso1
   -3.25802924502   0   0    10.00000000000       AWso
  208.00000000000   0   0     1.00000000000       BWso
 
 minimun chi squared = 0.00000000000
