         4
    1.30000000000   0   0    50.00000000000        rC0
    0.00000000000   0   0    50.00000000000        rC1
    1.00000000000   0   0    50.00000000000     fEcoul
   56.49135436947   0   0     1.00000000000       AHF0
   33.49332062325   0   0     1.00000000000       AHF1
    0.52029903151   1   0   100.00000000000      alpha
    0.12532348235   1   0  1000.00000000000    alphaNZ
   -0.00072802361   1   0 10000.00000000000       beta
   -0.00000181547   1   0 1000000.00000000000      gamma
    8.54938353864   1   0   500.00000000000     alphaS
    0.00000000000   0   0   500.00000000000   alphaSNZ
   14.58932332282   1   0     1.00000000000      betaS
   62.43491770957   1   0     1.00000000000     gammaS
    1.18446470066   1   0    50.00000000000       rHF0
    0.00000000000   0   0   200.00000000000       rHF1
    0.00000000000   0   0   200.00000000000      rHFNZ
    0.64813428289   1   0    20.00000000000       aHF0
    0.00000000000   0   0    20.00000000000       aHF1
    0.73102607006   0   0    50.00000000000       fGap
   12.88466896656   1   0     1.00000000000   Bsurface
   35.68422776925   1   0    10.00000000000   Csurface
   10.47454767328   1   0     1.00000000000   Dsurface
   12.56672647103   0   0     1.00000000000 Asurface9P
   12.56672647103   0   0     1.00000000000 Asurface9N
   15.22195810666   1   0     2.00000000000 Asurface40P
   15.83555591263   1   0     2.00000000000 Asurface40N
   18.98984992915   1   0     1.00000000000 Asurface42P
   19.74599290735   1   0     1.00000000000 Asurface44P
   19.48447330693   1   0     2.00000000000 Asurface48P
   14.51373182387   1   0     1.00000000000 Asurface48N
   21.47784749499   1   0     1.00000000000 Asurface50P
   17.99026656404   1   0     1.00000000000 Asurface52P
   18.47495689420   1   0     1.00000000000 Asurface52N
   15.64466570267   1   0     1.00000000000 Asurface54P
   16.19429986091   1   0     1.00000000000 Asurface54N
   16.60773014615   1   0     1.00000000000 Asurface58P
   16.74376586957   1   0     1.00000000000 Asurface58N
   17.95326864254   1   0     1.00000000000 Asurface60P
   16.98280770649   1   0     1.00000000000 Asurface60N
   19.70243568371   1   0     1.00000000000 Asurface62P
   21.83078146549   0   0     1.00000000000 Asurface62N
   18.58608775611   1   0     1.00000000000 Asurface64P
   20.43742684945   0   0     1.00000000000 Asurface64N
   14.93709232902   0   0     1.00000000000 Asurface88P
   13.86617822485   0   0     1.00000000000 Asurface90P
   14.93709232902   0   0     1.00000000000 Asurface92P
   12.56672647103   0   0     1.00000000000 Asurface112P
   12.56672647103   0   0     1.00000000000 Asurface114P
   12.56672647103   0   0     1.00000000000 Asurface116P
   12.56672647103   0   0     1.00000000000 Asurface118P
   12.56672647103   0   0     1.00000000000 Asurface120P
   12.56672647103   0   0     1.00000000000 Asurface120N
   12.56672647103   0   0     1.00000000000 Asurface122P
   12.56672647103   0   0     1.00000000000 Asurface124P
   39.16817638873   0   0     1.00000000000 Asurface206P
   39.16817638873   0   0     1.00000000000 Asurface208P
   28.89045074262   0   0     2.00000000000 Asurface208N
    1.16998491853   1   0    50.00000000000   rsurface
    0.60000000000   0   0    20.00000000000   asurface
   11.00000000000   0   1   100.00000000000   Epvolume
    0.00000000000   0   0   100.00000000000      aHigh
    0.00000000000   0   0   100.00000000000    aHighNZ
   -1.00000000000   0   0     1.00000000000      bHigh
    0.02905905209   0   0  1000.00000000000      cHigh
    8.82927377829   1   0     1.00000000000  Avolume_0
    0.00000000000   0   0     1.00000000000  Avolume_1
   42.88723956732   1   0     1.00000000000  Bvolume_0
    0.00000000000   0   0     1.00000000000  Bvolume_1
    1.31626832848   1   0    50.00000000000   rvolume0
    0.00000000000   0   0    50.00000000000  rvolumeNZ
    0.00000000000   0   0   100.00000000000   rvolume1
    1.10000000000   1   0  1000.00000000000     deltaR
    0.00000000000   0   0  1000.00000000000   deltaRNZ
   36.38392484717   1   0     1.00000000000       expR
    0.60000000000   0   0    20.00000000000   avolume0
    0.00000000000   0   0  1000.00000000000   avolume1
   60.00000000000   0   0     1.00000000000         Ea
    0.08000000000   0   0  1000.00000000000 alphaOverA
    6.07031916495   1   0     1.00000000000        Vso
   -2.69450768199   1   0     2.00000000000      VsoNZ
    0.00000000000   0   0   100.00000000000    VspinoE
    1.01092171996   1   0    50.00000000000       rso0
    0.00000000000   0   0    50.00000000000       rso1
    0.67067216769   0   0    20.00000000000       aso0
    0.00000000000   0   0   100.00000000000       aso1
   -3.97605391283   0   0    10.00000000000       AWso
  208.00000000000   0   0     1.00000000000       BWso
 
 minimun chi squared = 0.00000000000
