         4
    1.30000000000   0   0    50.00000000000         rC
    1.00000000000   0   0    50.00000000000     fEcoul
   46.49135436947   0   0     1.00000000000       AHF0
   33.49332062325   0   0     1.00000000000       AHF1
    0.49327903531   1   0   100.00000000000      alpha
   -0.00086738856   1   0 10000.00000000000       beta
   -0.00000157622   1   0 1000000.00000000000      gamma
    8.55316989946   1   0   500.00000000000     alphaS
    0.00000000000   0   0   500.00000000000   alphaSNZ
    0.00000000000   0   0     1.00000000000      betaS
   58.79347101913   1   0     1.00000000000     gammaS
    1.23300674759   1   0    50.00000000000       rHF0
    0.00000000000   0   0   200.00000000000       rHF1
    0.00000000000   0   0   200.00000000000      rHFNZ
    0.63794069680   1   0    20.00000000000       aHF0
    0.00000000000   0   0    20.00000000000       aHF1
    1.00437002724   1   0    50.00000000000       fGap
   13.90352865534   1   0     1.00000000000   Bsurface
   25.00752395165   1   0    10.00000000000   Csurface
   10.28840820760   1   0     1.00000000000   Dsurface
   39.16817638873   0   0     1.00000000000 Asurface208P
   28.89045074262   0   0     2.00000000000 Asurface208N
   26.84900076413   1   0     2.00000000000 Asurface40P
   29.49847836870   1   0     2.00000000000 Asurface40N
   39.34067302472   1   0     2.00000000000 Asurface48P
   21.19790369343   1   0     1.00000000000 Asurface48N
   34.66649056423   0   0     1.00000000000 Asurface42P
   38.65257758276   0   0     1.00000000000 Asurface44P
   27.05441370038   0   0     1.00000000000 Asurface58P
   30.59173069088   0   0     1.00000000000 Asurface58N
   31.26803754194   0   0     1.00000000000 Asurface60P
   29.06959089008   0   0     1.00000000000 Asurface60N
   37.39122158109   0   0     1.00000000000 Asurface62P
   45.78289855831   0   0     1.00000000000 Asurface62N
   30.71969841106   0   0     1.00000000000 Asurface64P
   24.77576375908   0   0     1.00000000000 Asurface64N
   22.95167104943   0   0     1.00000000000 Asurface54P
   25.07355297215   0   0     1.00000000000 Asurface54N
   12.56672647103   0   0     1.00000000000 Asurface112P
   12.56672647103   0   0     1.00000000000 Asurface114P
   12.56672647103   0   0     1.00000000000 Asurface116P
   12.56672647103   0   0     1.00000000000 Asurface118P
   12.56672647103   0   0     1.00000000000 Asurface120P
   12.56672647103   0   0     1.00000000000 Asurface120N
   12.56672647103   0   0     1.00000000000 Asurface122P
   12.56672647103   0   0     1.00000000000 Asurface124P
   12.56672647103   0   0     1.00000000000 Asurface9P
   12.56672647103   0   0     1.00000000000 Asurface9N
    1.19077290492   1   0    50.00000000000   rsurface
    0.60000000000   0   0    20.00000000000   asurface
   11.00000000000   0   1   100.00000000000   Epvolume
    0.00000000000   0   0   100.00000000000      fHigh
    0.00000000000   0   0   100.00000000000    fHighNZ
   24.64106023749   0   0     1.00000000000      bHigh
    0.02909633460   0   0  1000.00000000000      cHigh
   10.22844038951   1   0     1.00000000000  Avolume_0
    0.00000000000   0   0     1.00000000000  Avolume_1
   40.99274151475   1   0     1.00000000000  Bvolume_0
    0.00000000000   0   0     1.00000000000  Bvolume_1
    1.28453521545   1   0    50.00000000000   rvolume0
    0.00000000000   0   0   100.00000000000   rvolume1
    0.65901081935   1   0  1000.00000000000     deltaR
    0.00000000000   0   0   100.00000000000   deltaRNZ
   34.98312607598   1   0     1.00000000000       expR
    0.60000000000   0   0    20.00000000000   avolume0
    0.00000000000   0   0  1000.00000000000   avolume1
   60.00000000000   0   0     1.00000000000         Ea
    0.08000000000   0   0  1000.00000000000 alphaOverA
    5.49117767653   1   0     1.00000000000        Vso
   -5.46634685747   1   0     2.00000000000      VsoNZ
    0.00000000000   0   0   100.00000000000    VspinoE
    1.02874705974   1   0    50.00000000000       rso0
    0.00000000000   0   0    50.00000000000       rso1
    0.67067216769   0   0    20.00000000000       aso0
    0.00000000000   0   0   100.00000000000       aso1
   -4.64895634526   0   0    10.00000000000       AWso
  208.00000000000   0   0     1.00000000000       BWso
 
 minimun chi squared = 442.12222909299
