         4
    1.30000000000   0   0    50.00000000000         rC
    1.00000000000   0   0    50.00000000000     fEcoul
   46.49135436947   0   0     1.00000000000       AHF0
   33.49332062325   0   0     1.00000000000       AHF1
    0.50295447272   1   0   100.00000000000      alpha
   -0.00076923720   1   0 10000.00000000000       beta
   -0.00000241203   1   0 1000000.00000000000      gamma
    8.08756480092   1   0   500.00000000000     alphaS
    0.00000000000   0   0     1.00000000000      betaS
   53.67101153548   1   0     1.00000000000     gammaS
    1.21476621229   1   0    50.00000000000       rHF0
    0.00000000000   0   0   200.00000000000       rHF1
    0.62414041124   1   0    20.00000000000       aHF0
    0.00000000000   0   0    20.00000000000       aHF1
    0.89479639084   1   0    50.00000000000       fGap
   13.04613898452   1   0     1.00000000000   Bsurface
   22.81418564729   1   0    10.00000000000   Csurface
    7.84830922276   1   0     1.00000000000   Dsurface
   39.16817638873   0   0     1.00000000000 Asurface208P
   28.89045074262   0   0     2.00000000000 Asurface208N
   24.80826712142   1   0     2.00000000000 Asurface40P
   26.50445265972   1   0     2.00000000000 Asurface40N
   50.42639754093   1   0     2.00000000000 Asurface48P
   18.91871187911   1   0     1.00000000000 Asurface48N
   34.66649056423   0   0     1.00000000000 Asurface42P
   38.65257758276   0   0     1.00000000000 Asurface44P
   27.05441370038   0   0     1.00000000000 Asurface58P
   30.59173069088   0   0     1.00000000000 Asurface58N
   31.26803754194   0   0     1.00000000000 Asurface60P
   29.06959089008   0   0     1.00000000000 Asurface60N
   37.39122158109   0   0     1.00000000000 Asurface62P
   45.78289855831   0   0     1.00000000000 Asurface62N
   30.71969841106   0   0     1.00000000000 Asurface64P
   24.77576375908   0   0     1.00000000000 Asurface64N
70384034872722219644569549195435396011058294603981833257592974027314687347143719872101773217012417277393352940767830635850051834449718263928986811053619678788806423847023067415616361108981986846763135661298723214905693165102782686972158217644205163527105720139536592928436235863066428977688192192359534952448.00000000000   1   0     1.00000000000 Asurface54P
70384034872722219644569549195435396011058294603981833257592974027314687347143719872101773217012417277393352940767830635850051834449718263928986811053619678788806423847023067415616361108981986846763135661298723214905693165102782686972158217644205163527105720139536592928436235863066428977688192192359534952448.00000000000   1   0     1.00000000000 Asurface54N
   12.56672647103   0   0     1.00000000000 Asurface120P
    1.21128004711   1   0    50.00000000000   rsurface
    0.60000000000   0   0    20.00000000000   asurface
   11.00000000000   0   1   100.00000000000   Epvolume
    1.30972512947   1   0   100.00000000000      fHigh
   25.22915810085   1   0     1.00000000000      bHigh
    0.02872442450   1   0  1000.00000000000      cHigh
    9.77383169481   1   0     1.00000000000  Avolume_0
    0.00000000000   0   0     1.00000000000  Avolume_1
   41.10994081136   1   0     1.00000000000  Bvolume_0
    0.00000000000   0   0     1.00000000000  Bvolume_1
    1.28428154440   1   0    50.00000000000   rvolume0
    0.00000000000   0   0   100.00000000000   rvolume1
    0.00000000000   0   0  1000.00000000000     deltaR
   40.00000000000   0   0     1.00000000000       expR
    0.60000000000   0   0    20.00000000000   avolume0
    0.00000000000   0   0  1000.00000000000   avolume1
   60.00000000000   0   0     1.00000000000         Ea
    0.08000000000   0   0  1000.00000000000 alphaOverA
    6.00011350052   1   0     1.00000000000        Vso
    0.00000000000   0   0   100.00000000000    VspinoE
    1.02178831216   1   0    50.00000000000       rso0
    0.00000000000   0   0    50.00000000000       rso1
    0.67067216769   0   0    20.00000000000       aso0
    0.00000000000   0   0   100.00000000000       aso1
   -4.26388360234   1   0    10.00000000000       AWso
  208.00000000000   0   0     1.00000000000       BWso
 
 minimun chi squared = 197.56843103469
