         4
    1.11938586610   1   0    50.00000000000         rC
    3.70989512597   1   0    50.00000000000     fEcoul
   52.49135436947   0   0     1.00000000000       AHF0
   33.49332062325   0   0     1.00000000000       AHF1
    0.38566053258   1   0   100.00000000000      alpha
   -0.00100395719   1   0 10000.00000000000       beta
    0.00000112050   1   0 1000000.00000000000      gamma
    1.18991123603   1   0    50.00000000000       rHF0
    0.00000000000   0   0   200.00000000000       rHF1
    0.63992078998   1   0    20.00000000000       aHF0
    0.00000000000   0   0    20.00000000000       aHF1
    0.57157117540   1   0    50.00000000000       fGap
    8.09818469998   1   0     1.00000000000   Bsurface
   23.15264455842   1   0    10.00000000000   Csurface
    9.35483122984   1   0     1.00000000000   Dsurface
   39.16817638873   0   0     1.00000000000 Asurface208P
   28.89045074262   0   0     2.00000000000 Asurface208N
   20.01006145580   1   0     2.00000000000 Asurface40P
   21.45334219847   1   0     2.00000000000 Asurface40N
   31.19963474606   1   0     2.00000000000 Asurface48P
   14.62979973993   1   0     1.00000000000 Asurface48N
   13.17426112839   0   0     1.00000000000 Asurface42P
   12.78596185320   0   0     1.00000000000 Asurface44P
   10.56752913480   0   0     1.00000000000 Asurface58P
    3.53057084129   0   0     1.00000000000 Asurface58N
    6.18383849731   0   0     1.00000000000 Asurface60P
    1.44836631071   0   0     1.00000000000 Asurface60N
    9.52451158650   0   0     1.00000000000 Asurface62P
    0.30438884429   0   0     1.00000000000 Asurface62N
    6.50079863938   0   0     1.00000000000 Asurface64P
   12.92638374415   0   0     1.00000000000 Asurface64N
   12.56672647103   0   0     1.00000000000 Asurface54P
   12.56672647103   0   0     1.00000000000 Asurface54N
   12.56672647103   0   0     1.00000000000 Asurface52N
    1.12961917184   1   0    50.00000000000   rsurface
    0.50618738913   1   0    20.00000000000   asurface
   11.00000000000   0   1   100.00000000000   Epvolume
    0.59297688768   1   0   100.00000000000      fHigh
   19.75417895248   1   0     1.00000000000      bHigh
    0.03244293009   1   0  1000.00000000000      cHigh
   15.11133173552   1   0     1.00000000000  Avolume_0
    0.00000000000   0   0     1.00000000000  Avolume_1
   30.84194801997   1   0     1.00000000000  Bvolume_0
    0.00000000000   0   0     1.00000000000  Bvolume_1
    1.00129142339   1   0    50.00000000000   rvolume0
    0.00000000000   0   0   100.00000000000   rvolume1
    0.00000000000   0   0  1000.00000000000     deltaR
   40.00000000000   0   0     1.00000000000       expR
    0.86772125553   1   0    20.00000000000   avolume0
    0.00000000000   0   0  1000.00000000000   avolume1
   60.00000000000   0   0     1.00000000000         Ea
    0.08000000000   0   0  1000.00000000000 alphaOverA
    4.26008747438   1   0     1.00000000000        Vso
    0.00000000000   0   0   100.00000000000    VspinoE
    1.23397060081   1   0    50.00000000000       rso0
   -0.65900000000   0   0    50.00000000000       rso1
    0.57681086241   1   0    20.00000000000       aso0
    0.00000000000   0   0   100.00000000000       aso1
   -2.40478715483   1   0    10.00000000000       AWso
  202.39893658619   1   0     1.00000000000       BWso
 
 minimun chi squared = 197.00066600398
