         4
    2.17270524935   1   0    50.00000000000        rC0
    4.94775914230   1   0    50.00000000000        rC1
   46.49135436947   0   0     1.00000000000     fEcoul
   33.49332062325   0   0     1.00000000000       AHF0
    0.44906976908   1   0   100.00000000000       AHF1
   -0.00079182940   1   0 10000.00000000000      alpha
   -0.00000185043   1   0 1000000.00000000000     alphaA
    3.23174123109   1   0   500.00000000000    alphaNZ
   97.83283388015   1   0     1.00000000000       beta
  132.13454798040   1   0     1.00000000000      betaA
    1.19154863878   1   0    50.00000000000      gamma
    0.00000000000   0   0   200.00000000000     gammaA
    0.64842320963   1   0    20.00000000000     alphaS
    0.00000000000   0   0    20.00000000000    alphaSA
    0.85369225729   1   0    50.00000000000   alphaSNZ
    5.08355206246   1   0     1.00000000000      betaS
   26.50314151494   1   0    10.00000000000     betaSA
    9.35939464834   1   0     1.00000000000     gammaS
   39.16817638873   0   0     1.00000000000    gammaSA
   28.89045074262   0   0     2.00000000000       rHF0
   13.01395479772   1   0     2.00000000000       rHF1
   11.49708624580   1   0     2.00000000000      rHFNZ
   26.16924980197   1   0     2.00000000000       aHF0
   13.95745742485   1   0     1.00000000000       aHF1
   13.17426112839   0   0     1.00000000000       fGap
   12.78596185320   0   0     1.00000000000   Bsurface
   10.56752913480   0   0     1.00000000000  BsurfaceA
    3.53057084129   0   0     1.00000000000   Csurface
    6.18383849731   0   0     1.00000000000  CsurfaceA
    1.44836631071   0   0     1.00000000000   Dsurface
    9.52451158650   0   0     1.00000000000 Asurface9P
    0.30438884429   0   0     1.00000000000 Asurface9N
    6.50079863938   0   0     1.00000000000 Asurface36P
   12.92638374415   0   0     1.00000000000 Asurface36N
   12.56672647103   0   0     1.00000000000 Asurface40P
   12.56672647103   0   0     1.00000000000 Asurface40N
   12.56672647103   0   0     1.00000000000 Asurface42P
    1.18069638918   1   0    50.00000000000 Asurface44P
    0.49442700235   1   0    20.00000000000 Asurface48P
   11.00000000000   0   1   100.00000000000 Asurface48N
    0.71197482220   1   0   100.00000000000 Asurface50P
   19.13638699584   1   0     1.00000000000 Asurface52P
    0.04427221782   1   0  1000.00000000000 Asurface52N
    8.96335190332   1   0     1.00000000000 Asurface54P
   -1.48436063163   1   0     1.00000000000 Asurface54N
   28.53393905457   1   0     1.00000000000 Asurface58P
    0.00000000000   0   0     1.00000000000 Asurface58N
    1.17614826512   1   0    50.00000000000 Asurface60P
    0.00000000000   0   0   100.00000000000 Asurface60N
    0.00000000000   0   0  1000.00000000000 Asurface62P
   40.00000000000   0   0     1.00000000000 Asurface62N
    0.88631279106   1   0    20.00000000000 Asurface64P
    0.00000000000   0   0  1000.00000000000 Asurface64N
   60.00000000000   0   0     1.00000000000 Asurface88P
    0.08000000000   0   0  1000.00000000000 Asurface90P
    4.49052869429   1   0     1.00000000000 Asurface92P
   -0.00088238310   1   0   100.00000000000 Asurface92N
    1.06310440010   1   0    50.00000000000 Asurface102P
    0.00000000000   0   0    50.00000000000 Asurface106P
    0.66895277781   1   0    20.00000000000 Asurface112P
    0.00000000000   0   0   100.00000000000 Asurface114P
   -2.06140159639   1   0    10.00000000000 Asurface116P
   79.99465652715   1   0     1.00000000000 Asurface116N
    0.00000000000 -612542656   0     0.00000000000 Asurface118P
    0.00000000000 32767  23     0.00000000000 Asurface118N
    0.00000000000  -1  43 171434209188332359311370866629822134544428640952548714401966295273639615330963721417296931720706982496977561040465114353217722865607081874081511824669337330909184.00000000000 Asurface120P
    0.00000000000  -1 136     0.00000000000 Asurface120N
    0.00000000000   0 207     0.00000000000 Asurface122P
    0.00000000000   4  10     0.00000000000 Asurface124P
    0.00000000000   0   0     0.00000000000 Asurface124N
    0.00000000000   0   0     0.00000000000 Asurface130P
    0.00000000000   0   0     0.00000000000 Asurface132P
    0.00000000000   0   0     0.00000000000 Asurface206P
3982319465827218479271679711908693817071172775886327512815668979996829869551897843286059603881559681468196602121174437333732457847344786435583460177537574587660786566250632517413626044638872985334538305536.00000000000   0   0     0.00000000000 Asurface208
    0.00000000000   0   0     0.00000000000 Asurface208N
3254516899204370643105067424148231654176525163992799256729665308746661194970535579043071751779809724906392859630753941010975605879552449489369792599788519191692463487898241405104967543382024417598401777027847610530389020397963937360981964435316192779679200968704.00000000000   0   0     0.00000000000  rsurface0
    0.00000000000   0   1     0.00000000000  rsurface1
              nan -612564992   0     0.00000000000   asurface
    0.00000000000   0   0     0.00000000000   Epvolume
    0.00000000000 -1397429856   0     0.00000000000      aHigh
    0.00000000000  63   1     0.00000000000    aHighNZ
    0.00000000000   4   0     0.00000000000      bHigh
    0.00000000000   0   0     0.00000000000      cHigh
    0.00000000000 245562768   0     0.00000000000  Avolume_0
    0.00000000000   0 127     0.00000000000  Avolume_1
              nan   1  43     0.00000000000  AvolumeA3
    0.00000000000   0   0               nan  Bvolume_0
    0.00000000000   1   0     0.00000000000  Bvolume_1
    0.00000000000   0  48     0.00000000000  BvolumeA3
              nan  10  96     0.00000000000   rvolume0
    0.00000000000   0 125     0.00000000000  rvolumeNZ
    0.00000000000 -1400426755 219     0.00000000000   rvolume1
              nan  63 255     0.00000000000     deltaR
              nan 245715008 127     0.00000000000   deltaRNZ
    0.00000000000   0   0     0.00000000000    deltaRA
              nan 245562768   0     0.00000000000       expR
    0.00000000000   0  64     0.00000000000   avolume0
              nan 245562768  96     0.00000000000   avolume1
    0.00000000000   0 125     0.00000000000         Ea
    0.00000000000 -808013208 219     0.00000000000 alphaOverA
    0.00000000000 11135 255     0.00000000000        Vso
    0.00000000000   0 127     0.00000000000      VsoNZ
    0.00000000000   0   0     0.00000000000    VspinoE
    0.00000000000   0   0     0.00000000000       rso0
    0.00000000000   0   0     0.00000000000       rso1
    0.00000000000  -1   0     0.00000000000       aso0
    0.00000000000  -1   0     0.00000000000       aso1
    0.00000000000   0   0     0.00000000000       AWso
    0.00000000000   0   0     0.00000000000       BWso
 
 minimun chi squared = 0.00000000000
