         4
    1.30000000000   0   0    50.00000000000         rC
    3.97349761186   1   0    50.00000000000     fEcoul
   46.49135436947   0   0     1.00000000000       AHF0
   33.49332062325   0   0     1.00000000000       AHF1
    0.48830963609   1   0   100.00000000000      alpha
   -0.00087145372   1   0 10000.00000000000       beta
   -0.00000279820   1   0 1000000.00000000000      gamma
    7.31676157984   1   0   500.00000000000     alphaS
  106.15731732352   1   0     1.00000000000      betaS
  110.11154066805   1   0     1.00000000000     gammaS
    1.16490471161   1   0    50.00000000000       rHF0
    0.00000000000   0   0   200.00000000000       rHF1
    0.65982845862   1   0    20.00000000000       aHF0
    0.00000000000   0   0    20.00000000000       aHF1
    0.93940090102   1   0    50.00000000000       fGap
    8.19962406213   1   0     1.00000000000   Bsurface
   25.29520005106   1   0    10.00000000000   Csurface
    8.00000000000   0   0     1.00000000000   Dsurface
   39.16817638873   0   0     1.00000000000 Asurface208P
   28.89045074262   0   0     2.00000000000 Asurface208N
   19.21383534676   1   0     2.00000000000 Asurface40P
   23.47894865772   1   0     2.00000000000 Asurface40N
   37.69260170753   1   0     2.00000000000 Asurface48P
   14.87559012212   1   0     1.00000000000 Asurface48N
   13.17426112839   0   0     1.00000000000 Asurface42P
   12.78596185320   0   0     1.00000000000 Asurface44P
   10.56752913480   0   0     1.00000000000 Asurface58P
    3.53057084129   0   0     1.00000000000 Asurface58N
    6.18383849731   0   0     1.00000000000 Asurface60P
    1.44836631071   0   0     1.00000000000 Asurface60N
    9.52451158650   0   0     1.00000000000 Asurface62P
    0.30438884429   0   0     1.00000000000 Asurface62N
    6.50079863938   0   0     1.00000000000 Asurface64P
   12.92638374415   0   0     1.00000000000 Asurface64N
   12.56672647103   0   0     1.00000000000 Asurface54P
   12.56672647103   0   0     1.00000000000 Asurface54N
   12.56672647103   0   0     1.00000000000 Asurface52N
    1.13725640449   1   0    50.00000000000   rsurface
    0.60000000000   0   0    20.00000000000   asurface
   11.00000000000   0   1   100.00000000000   Epvolume
    1.22401570195   1   0   100.00000000000      fHigh
   28.95514007012   1   0     1.00000000000      bHigh
    0.02840564621   1   0  1000.00000000000      cHigh
    8.14600338567   1   0     1.00000000000  Avolume_0
    0.00000000000   0   0     1.00000000000  Avolume_1
   29.90047994929   1   0     1.00000000000  Bvolume_0
    0.00000000000   0   0     1.00000000000  Bvolume_1
    1.29145104024   1   0    50.00000000000   rvolume0
    0.00000000000   0   0   100.00000000000   rvolume1
    0.00000000000   0   0  1000.00000000000     deltaR
   40.00000000000   0   0     1.00000000000       expR
    0.60000000000   0   0    20.00000000000   avolume0
    0.00000000000   0   0  1000.00000000000   avolume1
   60.00000000000   0   0     1.00000000000         Ea
    0.08000000000   0   0  1000.00000000000 alphaOverA
    5.80518041577   1   0     1.00000000000        Vso
    0.00000000000   0   0   100.00000000000    VspinoE
    1.07928454276   1   0    50.00000000000       rso0
    0.00000000000   0   0    50.00000000000       rso1
    0.67067216769   0   0    20.00000000000       aso0
    0.00000000000   0   0   100.00000000000       aso1
   -4.37005356158   0   0    10.00000000000       AWso
  208.00000000000   0   0     1.00000000000       BWso
 
 minimun chi squared = 515.09838411385
