         4
    1.30000000000   0   0    50.00000000000         rC
    1.00000000000   0   0    50.00000000000     fEcoul
   46.49135436947   0   0     1.00000000000       AHF0
   33.49332062325   0   0     1.00000000000       AHF1
    0.50814546460   1   0   100.00000000000      alpha
   -0.00065958006   1   0 10000.00000000000       beta
   -0.00000271656   1   0 1000000.00000000000      gamma
    8.25832039863   1   0   500.00000000000     alphaS
    0.00000000000   0   0   500.00000000000   alphaSNZ
    0.00000000000   0   0     1.00000000000      betaS
   63.05707991251   1   0     1.00000000000     gammaS
    1.21378731894   1   0    50.00000000000       rHF0
    0.00000000000   0   0   200.00000000000       rHF1
    0.00000000000   0   0   200.00000000000      rHFNZ
    0.62410867551   1   0    20.00000000000       aHF0
    0.00000000000   0   0    20.00000000000       aHF1
    0.90259655019   1   0    50.00000000000       fGap
   12.78499848200   1   0     1.00000000000   Bsurface
   37.12462917377   1   0    10.00000000000   Csurface
    8.81358124905   1   0     1.00000000000   Dsurface
   39.16817638873   0   0     1.00000000000 Asurface208P
   28.89045074262   0   0     2.00000000000 Asurface208N
   14.71740466710   1   0     2.00000000000 Asurface40P
              inf   1   0     2.00000000000 Asurface40N
   18.01414852723   1   0     2.00000000000 Asurface48P
              inf   1   0     1.00000000000 Asurface48N
   16.87090392151   0   0     1.00000000000 Asurface42P
   20.01409268992   0   0     1.00000000000 Asurface44P
   15.36414771281   0   0     1.00000000000 Asurface58P
   34.41655610718   0   0     1.00000000000 Asurface58N
   18.16272018743   0   0     1.00000000000 Asurface60P
   28.28616634686   0   0     1.00000000000 Asurface60N
   22.90960667842   0   0     1.00000000000 Asurface62P
   21.83078146549   0   0     1.00000000000 Asurface62N
   19.16128784307   0   0     1.00000000000 Asurface64P
   20.43742684945   0   0     1.00000000000 Asurface64N
   13.86617822485   0   0     1.00000000000 Asurface54P
   14.93709232902   0   0     1.00000000000 Asurface54N
   13.86617822485   0   0     1.00000000000 Asurface90P
   14.93709232902   0   0     1.00000000000 Asurface92P
   12.56672647103   0   0     1.00000000000 Asurface112P
   12.56672647103   0   0     1.00000000000 Asurface114P
   12.56672647103   0   0     1.00000000000 Asurface116P
   12.56672647103   0   0     1.00000000000 Asurface118P
   12.56672647103   0   0     1.00000000000 Asurface120P
   12.56672647103   0   0     1.00000000000 Asurface120N
   12.56672647103   0   0     1.00000000000 Asurface122P
   12.56672647103   0   0     1.00000000000 Asurface124P
   12.56672647103   0   0     1.00000000000 Asurface9P
   12.56672647103   0   0     1.00000000000 Asurface9N
    1.18437238699   1   0    50.00000000000   rsurface
    0.60000000000   0   0    20.00000000000   asurface
   11.00000000000   0   1   100.00000000000   Epvolume
   13.59901121617   1   0   100.00000000000      aHigh
    0.00000000000   0   0   100.00000000000    aHighNZ
   -1.00000000000   0   0     1.00000000000      bHigh
    0.02915928622   1   0  1000.00000000000      cHigh
   10.62029462146   1   0     1.00000000000  Avolume_0
    0.00000000000   0   0     1.00000000000  Avolume_1
   42.78366057373   1   0     1.00000000000  Bvolume_0
    0.00000000000   0   0     1.00000000000  Bvolume_1
    1.28917973711   1   0    50.00000000000   rvolume0
    0.00000000000   0   0    50.00000000000  rvolumeNZ
    0.00000000000   0   0   100.00000000000   rvolume1
    0.00000000000   0   0  1000.00000000000     deltaR
    0.00000000000   0   0  1000.00000000000   deltaRNZ
   37.05722795884   0   0     1.00000000000       expR
    0.60000000000   0   0    20.00000000000   avolume0
    0.00000000000   0   0  1000.00000000000   avolume1
   60.00000000000   0   0     1.00000000000         Ea
    0.08000000000   0   0  1000.00000000000 alphaOverA
    5.90558942642   1   0     1.00000000000        Vso
   -3.87713690474   1   0     2.00000000000      VsoNZ
    0.00000000000   0   0   100.00000000000    VspinoE
    1.01710972194   1   0    50.00000000000       rso0
    0.00000000000   0   0    50.00000000000       rso1
    0.67067216769   0   0    20.00000000000       aso0
    0.00000000000   0   0   100.00000000000       aso1
   -3.97605391283   0   0    10.00000000000       AWso
  208.00000000000   0   0     1.00000000000       BWso
 
 minimun chi squared = 222.85279482681
