         4
    1.30000000000   0   0    50.00000000000         rC
    3.17607664081   1   0    50.00000000000     fEcoul
   46.49135436947   0   0     1.00000000000       AHF0
   33.49332062325   0   0     1.00000000000       AHF1
    0.48589124518   1   0   100.00000000000      alpha
   -0.00061239551   1   0 10000.00000000000       beta
   -0.00000307480   1   0 1000000.00000000000      gamma
    8.52279659952   1   0   500.00000000000     alphaS
    0.00000000000   0   0     1.00000000000      betaS
   45.41877127455   1   0     1.00000000000     gammaS
    1.21227571619   1   0    50.00000000000       rHF0
    0.00000000000   0   0   200.00000000000       rHF1
    0.62516148935   1   0    20.00000000000       aHF0
    0.00000000000   0   0    20.00000000000       aHF1
    0.92315643295   1   0    50.00000000000       fGap
   12.85298873808   1   0     1.00000000000   Bsurface
   23.43628154471   1   0    10.00000000000   Csurface
    8.00000000000   0   0     1.00000000000   Dsurface
   39.16817638873   0   0     1.00000000000 Asurface208P
   28.89045074262   0   0     2.00000000000 Asurface208N
   25.82095800910   1   0     2.00000000000 Asurface40P
   27.96318758295   1   0     2.00000000000 Asurface40N
   39.02569836568   1   0     2.00000000000 Asurface48P
   18.67062684254   1   0     1.00000000000 Asurface48N
   31.22942795752   1   0     1.00000000000 Asurface42P
   35.10525299201   1   0     1.00000000000 Asurface44P
   27.11707918297   1   0     1.00000000000 Asurface58P
   29.55664811987   1   0     1.00000000000 Asurface58N
   31.09426706961   1   0     1.00000000000 Asurface60P
   28.61822868702   1   0     1.00000000000 Asurface60N
   37.50491596571   1   0     1.00000000000 Asurface62P
   46.94426579304   0   0     1.00000000000 Asurface62N
   29.52491038851   1   0     1.00000000000 Asurface64P
   25.06312225205   0   0     1.00000000000 Asurface64N
   23.22477094496   1   0     1.00000000000 Asurface54P
   25.43846127094   1   0     1.00000000000 Asurface54N
   12.56672647103   0   0     1.00000000000 Asurface52N
    1.18900058037   1   0    50.00000000000   rsurface
    0.60000000000   0   0    20.00000000000   asurface
   11.00000000000   0   1   100.00000000000   Epvolume
    1.26999385609   1   0   100.00000000000      fHigh
   26.20042898645   1   0     1.00000000000      bHigh
    0.03025606691   1   0  1000.00000000000      cHigh
    9.13379955431   1   0     1.00000000000  Avolume_0
    0.00000000000   0   0     1.00000000000  Avolume_1
   36.90807804972   1   0     1.00000000000  Bvolume_0
    0.00000000000   0   0     1.00000000000  Bvolume_1
    1.28305487492   1   0    50.00000000000   rvolume0
    0.00000000000   0   0   100.00000000000   rvolume1
    0.00000000000   0   0  1000.00000000000     deltaR
   40.00000000000   0   0     1.00000000000       expR
    0.60000000000   0   0    20.00000000000   avolume0
    0.00000000000   0   0  1000.00000000000   avolume1
   60.00000000000   0   0     1.00000000000         Ea
    0.08000000000   0   0  1000.00000000000 alphaOverA
    6.03571209871   1   0     1.00000000000        Vso
    0.00000000000   0   0   100.00000000000    VspinoE
    1.04005016108   1   0    50.00000000000       rso0
    0.00000000000   0   0    50.00000000000       rso1
    0.67067216769   0   0    20.00000000000       aso0
    0.00000000000   0   0   100.00000000000       aso1
   -4.12090458379   1   0    10.00000000000       AWso
  208.00000000000   0   0     1.00000000000       BWso
 
 minimun chi squared = 372.31343640553
