         4
    1.13416446140   1   0    50.00000000000         rC
    5.48855284032   1   0    50.00000000000     fEcoul
   46.49135436947   0   0     1.00000000000       AHF0
   33.49332062325   0   0     1.00000000000       AHF1
    0.39302108376   1   0   100.00000000000      alpha
   -0.00057457812   1   0 10000.00000000000       beta
    0.00000214269   1   0 1000000.00000000000      gamma
    6.24861603465   1   0   500.00000000000     alphaS
   53.38058560379   1   0     1.00000000000      betaS
  184.42576850844   1   0     1.00000000000     gammaS
    1.18208725825   1   0    50.00000000000       rHF0
    0.00000000000   0   0   200.00000000000       rHF1
    0.67048715676   1   0    20.00000000000       aHF0
    0.00000000000   0   0    20.00000000000       aHF1
    0.55686893745   1   0    50.00000000000       fGap
    9.06887062936   1   0     1.00000000000   Bsurface
   25.69189544880   1   0    10.00000000000   Csurface
    8.81533966594   1   0     1.00000000000   Dsurface
   39.16817638873   0   0     1.00000000000 Asurface208P
   28.89045074262   0   0     2.00000000000 Asurface208N
   17.11755153907   1   0     2.00000000000 Asurface40P
   20.24687427730   1   0     2.00000000000 Asurface40N
   26.89529837608   1   0     2.00000000000 Asurface48P
   14.53879580927   1   0     1.00000000000 Asurface48N
   13.17426112839   0   0     1.00000000000 Asurface42P
   12.78596185320   0   0     1.00000000000 Asurface44P
   10.56752913480   0   0     1.00000000000 Asurface58P
    3.53057084129   0   0     1.00000000000 Asurface58N
    6.18383849731   0   0     1.00000000000 Asurface60P
    1.44836631071   0   0     1.00000000000 Asurface60N
    9.52451158650   0   0     1.00000000000 Asurface62P
    0.30438884429   0   0     1.00000000000 Asurface62N
    6.50079863938   0   0     1.00000000000 Asurface64P
   12.92638374415   0   0     1.00000000000 Asurface64N
   12.56672647103   0   0     1.00000000000 Asurface54P
   12.56672647103   0   0     1.00000000000 Asurface54N
   12.56672647103   0   0     1.00000000000 Asurface52N
    1.15563157756   1   0    50.00000000000   rsurface
    0.47916780203   1   0    20.00000000000   asurface
   11.00000000000   0   1   100.00000000000   Epvolume
    0.90668829355   1   0   100.00000000000      fHigh
   21.13574896196   1   0     1.00000000000      bHigh
    0.04286170676   1   0  1000.00000000000      cHigh
   12.46787853831   1   0     1.00000000000  Avolume_0
    0.00000000000   0   0     1.00000000000  Avolume_1
   31.67394994312   1   0     1.00000000000  Bvolume_0
    0.00000000000   0   0     1.00000000000  Bvolume_1
    1.05901287606   1   0    50.00000000000   rvolume0
    0.00000000000   0   0   100.00000000000   rvolume1
    0.00000000000   0   0  1000.00000000000     deltaR
   40.00000000000   0   0     1.00000000000       expR
    0.90064468256   1   0    20.00000000000   avolume0
    0.00000000000   0   0  1000.00000000000   avolume1
   60.00000000000   0   0     1.00000000000         Ea
    0.08000000000   0   0  1000.00000000000 alphaOverA
    5.59617853592   1   0     1.00000000000        Vso
   -0.00412901139   1   0   100.00000000000    VspinoE
    1.01434734406   1   0    50.00000000000       rso0
    0.00000000000   0   0    50.00000000000       rso1
    0.77947257181   1   0    20.00000000000       aso0
    0.00000000000   0   0   100.00000000000       aso1
   -1.46869575516   1   0    10.00000000000       AWso
   70.02857902884   1   0     1.00000000000       BWso
 
 minimun chi squared = 0.00000000000
