         4
    1.30000000000   0   0    50.00000000000        rC0
    0.00000000000   0   0    50.00000000000        rC1
    1.00000000000   0   0    50.00000000000     fEcoul
   56.49135436947   0   0     1.00000000000       AHF0
   33.49332062325   0   0     1.00000000000       AHF1
    0.22687269096   1   0   100.00000000000      alpha
    0.98700000000   0   0   100.00000000000     alphaA
    0.01549782981   1   0  1000.00000000000    alphaNZ
   -0.00065974142   1   0 10000.00000000000       beta
   -0.00000000000   0   0 100000.00000000000      betaA
   -0.00000182851   1   0 1000000.00000000000      gamma
    0.00000000000   0   0 1000000.00000000000     gammaA
    7.55133622168   1   0   500.00000000000     alphaS
    0.00000000000   0   0   500.00000000000    alphaSA
    0.00000000000   0   0   500.00000000000   alphaSNZ
   32.30969083419   1   0     1.00000000000      betaS
    0.00000000000   0   0     1.00000000000     betaSA
   45.91346862486   1   0     1.00000000000     gammaS
    0.00000000000   0   0    10.00000000000    gammaSA
    1.17035897993   1   0    50.00000000000       rHF0
    0.00000000000   0   0   200.00000000000       rHF1
    0.00000000000   0   0   200.00000000000      rHFNZ
    0.66430384319   1   0    20.00000000000       aHF0
    0.00000000000   0   0    20.00000000000       aHF1
    0.80000000000   0   0    50.00000000000       fGap
    8.51760686277   1   0     1.00000000000   Bsurface
    0.00000000000   0   0   100.00000000000  BsurfaceA
   35.02319057882   1   0    10.00000000000   Csurface
    0.00000000000   0   0    10.00000000000  CsurfaceA
   14.48922613728   1   0     1.00000000000   Dsurface
   12.56672647103   0   0     1.00000000000 Asurface9P
   12.56672647103   0   0     1.00000000000 Asurface9N
   13.82137200159   1   0     2.00000000000 Asurface40P
   11.21561981828   1   0     2.00000000000 Asurface40N
   17.85195423168   1   0     1.00000000000 Asurface42P
   18.98420818505   1   0     1.00000000000 Asurface44P
   18.59193140139   1   0     2.00000000000 Asurface48P
   11.82217709732   1   0     1.00000000000 Asurface48N
   19.43925841853   1   0     1.00000000000 Asurface50P
   16.15719602103   1   0     1.00000000000 Asurface52P
   15.43063358890   1   0     1.00000000000 Asurface52N
   14.52670627642   1   0     1.00000000000 Asurface54P
   14.73203953014   1   0     1.00000000000 Asurface54N
   15.73514399924   1   0     1.00000000000 Asurface58P
   15.22468063598   1   0     1.00000000000 Asurface58N
   17.28111255845   1   0     1.00000000000 Asurface60P
   15.49531861682   1   0     1.00000000000 Asurface60N
   18.31319937031   1   0     1.00000000000 Asurface62P
   21.83078146549   0   0     1.00000000000 Asurface62N
   17.73520108225   1   0     1.00000000000 Asurface64P
   20.43742684945   0   0     1.00000000000 Asurface64N
   14.93709232902   0   0     1.00000000000 Asurface88P
   13.86617822485   0   0     1.00000000000 Asurface90P
   14.93709232902   0   0     1.00000000000 Asurface92P
   14.93709232902   0   0     1.00000000000 Asurface92N
   12.56672647103   0   0     1.00000000000 Asurface112P
   12.56672647103   0   0     1.00000000000 Asurface114P
   12.56672647103   0   0     1.00000000000 Asurface116P
   12.56672647103   0   0     1.00000000000 Asurface116N
   12.56672647103   0   0     1.00000000000 Asurface118P
   12.56672647103   0   0     1.00000000000 Asurface118N
   12.56672647103   0   0     1.00000000000 Asurface120P
   12.56672647103   0   0     1.00000000000 Asurface120N
   12.56672647103   0   0     1.00000000000 Asurface122P
   12.56672647103   0   0     1.00000000000 Asurface124P
   12.56672647103   0   0     1.00000000000 Asurface124N
   39.16817638873   0   0     1.00000000000 Asurface206P
   39.16817638873   0   0     1.00000000000 Asurface208P
   28.89045074262   0   0     2.00000000000 Asurface208N
    1.16141241641   1   0    50.00000000000  rsurface0
    0.00000000000   0   0    50.00000000000  rsurface1
    0.60000000000   0   0    20.00000000000   asurface
   11.00000000000   0   1   100.00000000000   Epvolume
    0.00000000000   0   0   100.00000000000      aHigh
    0.00000000000   0   0   100.00000000000    aHighNZ
   -1.00000000000   0   0     1.00000000000      bHigh
    0.02905905209   0   0  1000.00000000000      cHigh
    9.42791191445   1   0     1.00000000000  Avolume_0
   12.00000000000   0   0     1.00000000000  Avolume_1
    0.00000000000   0   0    10.00000000000  AvolumeA3
   42.07303830750   1   0     1.00000000000  Bvolume_0
    0.00000000000   1   0     1.00000000000  Bvolume_1
    0.00000000000   0   0     1.00000000000  BvolumeA3
    1.34310346840   1   0    50.00000000000   rvolume0
    0.00000000000   0   0    50.00000000000  rvolumeNZ
    0.00000000000   0   0   100.00000000000   rvolume1
    0.00000000000   1   0  1000.00000000000     deltaR
    0.00000000000   0   0  1000.00000000000   deltaRNZ
    0.00000000000   1   0  1000.00000000000    deltaRA
   35.52000000000   0   0     1.00000000000       expR
    0.60000000000   0   0    20.00000000000   avolume0
    0.00000000000   0   0  1000.00000000000   avolume1
   60.00000000000   0   0     1.00000000000         Ea
    0.24000000000   0   0  1000.00000000000 alphaOverA
    7.23495040790   1   0     1.00000000000        Vso
   -2.74834686634   1   0     2.00000000000      VsoNZ
    0.00000000000   0   0   100.00000000000    VspinoE
    0.92796977912   1   0    50.00000000000       rso0
    0.00000000000   0   0    50.00000000000       rso1
    0.68257940653   1   0    20.00000000000       aso0
    0.00000000000   0   0   100.00000000000       aso1
   -3.25802924502   0   0    10.00000000000       AWso
  208.00000000000   0   0     1.00000000000       BWso
 
 minimun chi squared = 0.00000000000
