         4
    1.30000000000   0   0    50.00000000000         rC
    4.50317782650   1   0    50.00000000000     fEcoul
   46.49135436947   0   0     1.00000000000       AHF0
   33.49332062325   0   0     1.00000000000       AHF1
    0.47617656460   1   0   100.00000000000      alpha
   -0.00089281543   1   0 10000.00000000000       beta
   -0.00000235689   1   0 1000000.00000000000      gamma
    7.32496524292   1   0   500.00000000000     alphaS
  105.36828760081   1   0     1.00000000000      betaS
  110.10750496644   1   0     1.00000000000     gammaS
    1.16489939761   1   0    50.00000000000       rHF0
    0.00000000000   0   0   200.00000000000       rHF1
    0.66471390987   1   0    20.00000000000       aHF0
    0.00000000000   0   0    20.00000000000       aHF1
    0.86864302182   1   0    50.00000000000       fGap
   11.06923335227   1   0     1.00000000000   Bsurface
   24.90151387680   1   0    10.00000000000   Csurface
    8.00000000000   0   0     1.00000000000   Dsurface
   39.16817638873   0   0     1.00000000000 Asurface208P
   28.89045074262   0   0     2.00000000000 Asurface208N
   24.69312111885   1   0     2.00000000000 Asurface40P
   21.85493356615   1   0     2.00000000000 Asurface40N
   31.46870814400   1   0     2.00000000000 Asurface48P
   19.38437166001   1   0     1.00000000000 Asurface48N
   27.80541250247   1   0     1.00000000000 Asurface42P
   30.22659523920   1   0     1.00000000000 Asurface44P
   10.56752913480   0   0     1.00000000000 Asurface58P
    3.53057084129   0   0     1.00000000000 Asurface58N
    6.18383849731   0   0     1.00000000000 Asurface60P
    1.44836631071   0   0     1.00000000000 Asurface60N
    9.52451158650   0   0     1.00000000000 Asurface62P
    0.30438884429   0   0     1.00000000000 Asurface62N
    6.50079863938   0   0     1.00000000000 Asurface64P
   12.92638374415   0   0     1.00000000000 Asurface64N
   12.56672647103   0   0     1.00000000000 Asurface54P
   12.56672647103   0   0     1.00000000000 Asurface54N
   12.56672647103   0   0     1.00000000000 Asurface52N
    1.14336864136   1   0    50.00000000000   rsurface
    0.60000000000   0   0    20.00000000000   asurface
   11.00000000000   0   1   100.00000000000   Epvolume
    1.01172131239   1   0   100.00000000000      fHigh
   28.42033414776   1   0     1.00000000000      bHigh
    0.02965766210   1   0  1000.00000000000      cHigh
    8.17066776677   1   0     1.00000000000  Avolume_0
    0.00000000000   0   0     1.00000000000  Avolume_1
   28.55657886039   1   0     1.00000000000  Bvolume_0
    0.00000000000   0   0     1.00000000000  Bvolume_1
    1.28312266721   1   0    50.00000000000   rvolume0
    0.00000000000   0   0   100.00000000000   rvolume1
    0.00000000000   0   0  1000.00000000000     deltaR
   40.00000000000   0   0     1.00000000000       expR
    0.60000000000   0   0    20.00000000000   avolume0
    0.00000000000   0   0  1000.00000000000   avolume1
   60.00000000000   0   0     1.00000000000         Ea
    0.08000000000   0   0  1000.00000000000 alphaOverA
    5.49960571061   1   0     1.00000000000        Vso
    0.00000000000   0   0   100.00000000000    VspinoE
    1.08425746924   1   0    50.00000000000       rso0
    0.00000000000   0   0    50.00000000000       rso1
    0.67067216769   0   0    20.00000000000       aso0
    0.00000000000   0   0   100.00000000000       aso1
   -4.37005356158   0   0    10.00000000000       AWso
  208.00000000000   0   0     1.00000000000       BWso
 
 minimun chi squared = 0.00000000000
