         4
    1.30000000000   0   0    50.00000000000        rC0
    0.00000000000   0   0    50.00000000000        rC1
    1.00000000000   0   0    50.00000000000     fEcoul
   56.49135436947   0   0     1.00000000000       AHF0
   33.49332062325   0   0     1.00000000000       AHF1
    0.50318555247   1   0   100.00000000000      alpha
    0.00000000000   0   0   100.00000000000     alphaA
    0.09862495842   1   0  1000.00000000000    alphaNZ
   -0.00067496065   1   0 10000.00000000000       beta
   -0.00000000000   0   0 100000.00000000000      betaA
   -0.00000183593   1   0 1000000.00000000000      gamma
    0.00000000000   0   0 1000000.00000000000     gammaA
    7.64102786807   1   0   500.00000000000     alphaS
    0.00000000000   0   0   500.00000000000    alphaSA
    0.00000000000   0   0   500.00000000000   alphaSNZ
    6.87868445933   1   0     1.00000000000      betaS
    0.00000000000   0   0     1.00000000000     betaSA
   64.02457575574   1   0     1.00000000000     gammaS
    0.00000000000   0   0    10.00000000000    gammaSA
    1.18191976760   1   0    50.00000000000       rHF0
    0.00000000000   0   0   200.00000000000       rHF1
    0.00000000000   0   0   200.00000000000      rHFNZ
    0.64341863604   1   0    20.00000000000       aHF0
    0.00000000000   0   0    20.00000000000       aHF1
    0.80000000000   0   0    50.00000000000       fGap
    9.93482649245   1   0     1.00000000000   Bsurface
    0.00000000000   0   0   100.00000000000  BsurfaceA
   33.28829060980   1   0    10.00000000000   Csurface
    0.00000000000   0   0    10.00000000000  CsurfaceA
   12.23578083399   1   0     1.00000000000   Dsurface
   12.56672647103   0   0     1.00000000000 Asurface9P
   12.56672647103   0   0     1.00000000000 Asurface9N
   14.63168471162   0   0     2.00000000000 Asurface36P
   14.06800000000   0   0     2.00000000000 Asurface36N
   14.83310088030   1   0     2.00000000000 Asurface40P
   16.00733662257   1   0     2.00000000000 Asurface40N
   18.49233405538   1   0     1.00000000000 Asurface42P
   19.24423183875   1   0     1.00000000000 Asurface44P
   19.13145382548   1   0     2.00000000000 Asurface48P
   13.48243560493   1   0     1.00000000000 Asurface48N
   20.96819945957   1   0     1.00000000000 Asurface50P
   16.83164601386   1   0     1.00000000000 Asurface52P
   16.92822893150   0   0     1.00000000000 Asurface52N
   15.23048859631   1   0     1.00000000000 Asurface54P
   15.58170451273   1   0     1.00000000000 Asurface54N
   16.59056481523   1   0     1.00000000000 Asurface58P
   16.10097014699   1   0     1.00000000000 Asurface58N
   18.03490680230   1   0     1.00000000000 Asurface60P
   16.42364207824   1   0     1.00000000000 Asurface60N
   19.41378217392   1   0     1.00000000000 Asurface62P
   21.83078146549   0   0     1.00000000000 Asurface62N
   18.45594244555   1   0     1.00000000000 Asurface64P
   20.43742684945   0   0     1.00000000000 Asurface64N
   14.93709232902   0   0     1.00000000000 Asurface88P
   13.86617822485   0   0     1.00000000000 Asurface90P
   14.93709232902   0   0     1.00000000000 Asurface92P
   14.93709232902   0   0     1.00000000000 Asurface92N
   12.56672647103   0   0     1.00000000000 Asurface102P
   12.56672647103   0   0     1.00000000000 Asurface106P
   12.56672647103   0   0     1.00000000000 Asurface112P
   12.56672647103   0   0     1.00000000000 Asurface114P
   12.56672647103   0   0     1.00000000000 Asurface116P
   12.56672647103   0   0     1.00000000000 Asurface116N
   12.56672647103   0   0     1.00000000000 Asurface118P
   12.56672647103   0   0     1.00000000000 Asurface118N
   12.56672647103   0   0     1.00000000000 Asurface120P
   12.56672647103   0   0     1.00000000000 Asurface120N
   12.56672647103   0   0     1.00000000000 Asurface122P
   12.56672647103   0   0     1.00000000000 Asurface124P
   12.56672647103   0   0     1.00000000000 Asurface124N
   12.56672647103   0   0     1.00000000000 Asurface130P
   12.56672647103   0   0     1.00000000000 Asurface132P
   39.16817638873   0   0     1.00000000000 Asurface206P
   39.16817638873   0   0     1.00000000000 Asurface208
   28.89045074262   0   0     2.00000000000 Asurface208N
    1.17270681030   1   0    50.00000000000  rsurface0
    0.00000000000   0   0    50.00000000000  rsurface1
    0.60000000000   0   0    20.00000000000   asurface
   11.00000000000   0   1   100.00000000000   Epvolume
    0.00000000000   0   0   100.00000000000      aHigh
    0.00000000000   0   0   100.00000000000    aHighNZ
   -1.00000000000   0   0     1.00000000000      bHigh
    0.02905905209   0   0  1000.00000000000      cHigh
    7.84393544365   1   0     1.00000000000  Avolume_0
    4.22000000000   0   0     1.00000000000  Avolume_1
    0.00000000000   0   0    10.00000000000  AvolumeA3
   39.73721758046   1   0     1.00000000000  Bvolume_0
    0.00000000000   0   0     1.00000000000  Bvolume_1
    0.00000000000   0   0     1.00000000000  BvolumeA3
    1.35633224231   1   0    50.00000000000   rvolume0
    0.00000000000   0   0    50.00000000000  rvolumeNZ
    0.00000000000   0   0   100.00000000000   rvolume1
    2.34584968220   1   0  1000.00000000000     deltaR
    0.00000000000   0   0  1000.00000000000   deltaRNZ
    0.00000000000   0   0  1000.00000000000    deltaRA
   35.52000000000   0   0     1.00000000000       expR
    0.60000000000   0   0    20.00000000000   avolume0
    0.00000000000   0   0  1000.00000000000   avolume1
   60.00000000000   0   0     1.00000000000         Ea
    0.08000000000   0   0  1000.00000000000 alphaOverA
    6.40328744950   1   0     1.00000000000        Vso
   -1.30500000000   0   0     2.00000000000      VsoNZ
    0.00000000000   0   0   100.00000000000    VspinoE
    0.97976904213   1   0    50.00000000000       rso0
    0.00000000000   0   0    50.00000000000       rso1
    0.70000000000   0   0    20.00000000000       aso0
    0.00000000000   0   0   100.00000000000       aso1
   -3.65000000000   0   0    10.00000000000       AWso
  208.00000000000   0   0     1.00000000000       BWso
 
 minimun chi squared = 0.00000000000
