         4
    1.30000000000   0   0    50.00000000000        rC0
    0.00000000000   0   0    50.00000000000        rC1
    1.00000000000   0   0    50.00000000000     fEcoul
   56.49135436947   0   0     1.00000000000       AHF0
   33.49332062325   0   0     1.00000000000       AHF1
    0.18895753231   1   0   100.00000000000      alpha
    1.11000000000   0   0   100.00000000000     alphaA
    0.11150338415   1   0  1000.00000000000    alphaNZ
   -0.00094222617   1   0 10000.00000000000       beta
   -0.00000000000   0   0 100000.00000000000      betaA
    0.00000000000   0   0 1000000.00000000000      gamma
    0.00000000000   0   0 1000000.00000000000     gammaA
    6.83323750266   1   0   500.00000000000     alphaS
    0.00000000000   0   0   500.00000000000    alphaSA
    0.00000000000   0   0   500.00000000000   alphaSNZ
   31.35900772352   1   0     1.00000000000      betaS
    0.00000000000   0   0     1.00000000000     betaSA
   55.45067370116   1   0     1.00000000000     gammaS
    0.00000000000   0   0    10.00000000000    gammaSA
    1.18083797084   1   0    50.00000000000       rHF0
    0.00000000000   0   0   200.00000000000       rHF1
    0.00000000000   0   0   200.00000000000      rHFNZ
    0.65086811507   1   0    20.00000000000       aHF0
    0.00000000000   0   0    20.00000000000       aHF1
    0.80000000000   0   0    50.00000000000       fGap
    9.64636567486   1   0     1.00000000000   Bsurface
    0.00000000000   0   0   100.00000000000  BsurfaceA
   33.88392093575   1   0    10.00000000000   Csurface
    0.00000000000   0   0    10.00000000000  CsurfaceA
   12.62140269330   1   0     1.00000000000   Dsurface
   12.56672647103   0   0     1.00000000000 Asurface9P
   12.56672647103   0   0     1.00000000000 Asurface9N
   14.66782335947   1   0     2.00000000000 Asurface40P
   14.22323261654   1   0     2.00000000000 Asurface40N
   18.86594488757   1   0     1.00000000000 Asurface42P
   19.52629125116   1   0     1.00000000000 Asurface44P
   19.33092098625   1   0     2.00000000000 Asurface48P
   13.11159703591   1   0     1.00000000000 Asurface48N
   20.58453676537   1   0     1.00000000000 Asurface50P
   17.13557318718   1   0     1.00000000000 Asurface52P
   16.52929765981   1   0     1.00000000000 Asurface52N
   15.39019232406   1   0     1.00000000000 Asurface54P
   15.61700796952   1   0     1.00000000000 Asurface54N
   16.63500920035   1   0     1.00000000000 Asurface58P
   16.10067000932   1   0     1.00000000000 Asurface58N
   18.19966832326   1   0     1.00000000000 Asurface60P
   16.34243852861   1   0     1.00000000000 Asurface60N
   19.38804568090   1   0     1.00000000000 Asurface62P
   21.83078146549   0   0     1.00000000000 Asurface62N
   18.63809129976   1   0     1.00000000000 Asurface64P
   20.43742684945   0   0     1.00000000000 Asurface64N
   14.93709232902   0   0     1.00000000000 Asurface88P
   13.86617822485   0   0     1.00000000000 Asurface90P
   14.93709232902   0   0     1.00000000000 Asurface92P
   14.93709232902   0   0     1.00000000000 Asurface92N
   12.56672647103   0   0     1.00000000000 Asurface112P
   12.56672647103   0   0     1.00000000000 Asurface114P
   12.56672647103   0   0     1.00000000000 Asurface116P
   12.56672647103   0   0     1.00000000000 Asurface116N
   12.56672647103   0   0     1.00000000000 Asurface118P
   12.56672647103   0   0     1.00000000000 Asurface118N
   12.56672647103   0   0     1.00000000000 Asurface120P
   12.56672647103   0   0     1.00000000000 Asurface120N
   12.56672647103   0   0     1.00000000000 Asurface122P
   12.56672647103   0   0     1.00000000000 Asurface124P
   12.56672647103   0   0     1.00000000000 Asurface124N
   39.16817638873   0   0     1.00000000000 Asurface206P
   39.16817638873   0   0     1.00000000000 Asurface208P
   28.89045074262   0   0     2.00000000000 Asurface208N
    1.15889107843   1   0    50.00000000000  rsurface0
    0.00000000000   0   0    50.00000000000  rsurface1
    0.60000000000   0   0    20.00000000000   asurface
   11.00000000000   0   1   100.00000000000   Epvolume
    0.00000000000   0   0   100.00000000000      aHigh
    0.00000000000   0   0   100.00000000000    aHighNZ
   -1.00000000000   0   0     1.00000000000      bHigh
    0.02905905209   0   0  1000.00000000000      cHigh
    8.94279735576   1   0     1.00000000000  Avolume_0
    0.00000000000   0   0     1.00000000000  Avolume_1
    0.00000000000   0   0    10.00000000000  AvolumeA3
   41.50128233736   1   0     1.00000000000  Bvolume_0
    0.00000000000   0   0     1.00000000000  Bvolume_1
    0.00000000000   0   0     1.00000000000  BvolumeA3
    1.34143578306   1   0    50.00000000000   rvolume0
    0.00000000000   0   0    50.00000000000  rvolumeNZ
    0.00000000000   0   0   100.00000000000   rvolume1
    1.34029404333   1   0  1000.00000000000     deltaR
    0.00000000000   0   0  1000.00000000000   deltaRNZ
    0.02220000000   0   0  1000.00000000000    deltaRA
   35.52000000000   0   0     1.00000000000       expR
    0.60000000000   0   0    20.00000000000   avolume0
    0.00000000000   0   0  1000.00000000000   avolume1
   60.00000000000   0   0     1.00000000000         Ea
    0.08000000000   0   0  1000.00000000000 alphaOverA
    6.68523985725   1   0     1.00000000000        Vso
   -0.49082681240   1   0     2.00000000000      VsoNZ
    0.00000000000   0   0   100.00000000000    VspinoE
    0.96154405300   1   0    50.00000000000       rso0
    0.00000000000   0   0    50.00000000000       rso1
    0.70400000000   0   0    20.00000000000       aso0
    0.00000000000   0   0   100.00000000000       aso1
   -3.25802924502   0   0    10.00000000000       AWso
  208.00000000000   0   0     1.00000000000       BWso
 
 minimun chi squared = 0.00000000000
