         4
    1.30000000000   0   0    50.00000000000         rC
    4.50088058856   1   0    50.00000000000     fEcoul
   46.49135436947   0   0     1.00000000000       AHF0
   33.49332062325   0   0     1.00000000000       AHF1
    0.47705604029   1   0   100.00000000000      alpha
   -0.00088350510   1   0 10000.00000000000       beta
   -0.00000236042   1   0 1000000.00000000000      gamma
    7.32504908277   1   0   500.00000000000     alphaS
  105.36829852046   1   0     1.00000000000      betaS
  110.10697264750   1   0     1.00000000000     gammaS
    1.16489939850   1   0    50.00000000000       rHF0
    0.00000000000   0   0   200.00000000000       rHF1
    0.66469434969   1   0    20.00000000000       aHF0
    0.00000000000   0   0    20.00000000000       aHF1
    0.86864673418   1   0    50.00000000000       fGap
   12.54415934726   1   0     1.00000000000   Bsurface
   24.70522956771   1   0    10.00000000000   Csurface
    8.00000000000   0   0     1.00000000000   Dsurface
   39.16817638873   0   0     1.00000000000 Asurface208P
   28.89045074262   0   0     2.00000000000 Asurface208N
   23.88491222484   1   0     2.00000000000 Asurface40P
   23.03186101850   1   0     2.00000000000 Asurface40N
   35.18812131119   1   0     2.00000000000 Asurface48P
   18.79575129989   1   0     1.00000000000 Asurface48N
   30.86179029598   0   0     1.00000000000 Asurface42P
   34.05052691141   0   0     1.00000000000 Asurface44P
   25.75644087797   1   0     1.00000000000 Asurface58P
   29.63488115278   0   0     1.00000000000 Asurface58N
   28.92935195231   1   0     1.00000000000 Asurface60P
   26.86678747237   0   0     1.00000000000 Asurface60N
   33.46703001239   1   0     1.00000000000 Asurface62P
   40.63665873642   0   0     1.00000000000 Asurface62N
   33.74495203553   1   0     1.00000000000 Asurface64P
   24.02789503319   0   0     1.00000000000 Asurface64N
   12.56672647103   0   0     1.00000000000 Asurface54P
   12.56672647103   0   0     1.00000000000 Asurface54N
   12.56672647103   0   0     1.00000000000 Asurface52N
    1.15848681383   1   0    50.00000000000   rsurface
    0.60000000000   0   0    20.00000000000   asurface
   11.00000000000   0   1   100.00000000000   Epvolume
    1.02399767045   1   0   100.00000000000      fHigh
   28.56062317064   1   0     1.00000000000      bHigh
    0.02858669297   1   0  1000.00000000000      cHigh
    8.05217170098   1   0     1.00000000000  Avolume_0
    0.00000000000   0   0     1.00000000000  Avolume_1
   28.89557853086   1   0     1.00000000000  Bvolume_0
    0.00000000000   0   0     1.00000000000  Bvolume_1
    1.26864149452   1   0    50.00000000000   rvolume0
    0.00000000000   0   0   100.00000000000   rvolume1
    0.00000000000   0   0  1000.00000000000     deltaR
   40.00000000000   0   0     1.00000000000       expR
    0.60000000000   0   0    20.00000000000   avolume0
    0.00000000000   0   0  1000.00000000000   avolume1
   60.00000000000   0   0     1.00000000000         Ea
    0.08000000000   0   0  1000.00000000000 alphaOverA
    5.61721496078   1   0     1.00000000000        Vso
    0.00000000000   0   0   100.00000000000    VspinoE
    1.08349235646   1   0    50.00000000000       rso0
    0.00000000000   0   0    50.00000000000       rso1
    0.67067216769   0   0    20.00000000000       aso0
    0.00000000000   0   0   100.00000000000       aso1
   -4.37005356158   0   0    10.00000000000       AWso
  208.00000000000   0   0     1.00000000000       BWso
 
 minimun chi squared = 0.00000000000
