         4
    1.30000000000   0   0    50.00000000000         rC
    3.65984447792   1   0    50.00000000000     fEcoul
   46.49135436947   0   0     1.00000000000       AHF0
   33.49332062325   0   0     1.00000000000       AHF1
    0.49005095472   1   0   100.00000000000      alpha
   -0.00059929347   1   0 10000.00000000000       beta
   -0.00000331060   1   0 1000000.00000000000      gamma
    9.47872982727   1   0   500.00000000000     alphaS
    0.00000000000   0   0     1.00000000000      betaS
   45.83715594354   1   0     1.00000000000     gammaS
    1.20331202266   1   0    50.00000000000       rHF0
    0.00000000000   0   0   200.00000000000       rHF1
    0.64153170566   1   0    20.00000000000       aHF0
    0.00000000000   0   0    20.00000000000       aHF1
    0.90028643080   1   0    50.00000000000       fGap
   11.06183597390   1   0     1.00000000000   Bsurface
   24.09965348422   1   0    10.00000000000   Csurface
    8.00000000000   0   0     1.00000000000   Dsurface
   39.16817638873   0   0     1.00000000000 Asurface208P
   28.89045074262   0   0     2.00000000000 Asurface208N
   21.23036943393   1   0     2.00000000000 Asurface40P
   23.84457706225   1   0     2.00000000000 Asurface40N
   42.65921025503   1   0     2.00000000000 Asurface48P
   15.36580972533   1   0     1.00000000000 Asurface48N
   31.79275954407   0   0     1.00000000000 Asurface42P
   35.27411876860   0   0     1.00000000000 Asurface44P
   26.06832948489   0   0     1.00000000000 Asurface58P
   29.98483925685   0   0     1.00000000000 Asurface58N
   30.16630357382   0   0     1.00000000000 Asurface60P
   27.18647013253   0   0     1.00000000000 Asurface60N
   33.42561727918   0   0     1.00000000000 Asurface62P
   42.32148921857   0   0     1.00000000000 Asurface62N
   35.98605266422   0   0     1.00000000000 Asurface64P
   24.08562216047   0   0     1.00000000000 Asurface64N
   22.94549433809   0   0     1.00000000000 Asurface54P
   25.80512930203   0   0     1.00000000000 Asurface54N
   12.56672647103   0   0     1.00000000000 Asurface52N
    1.20094330517   1   0    50.00000000000   rsurface
    0.60000000000   0   0    20.00000000000   asurface
   11.00000000000   0   1   100.00000000000   Epvolume
    1.37394581956   1   0   100.00000000000      fHigh
   27.44129650118   1   0     1.00000000000      bHigh
    0.02904043077   1   0  1000.00000000000      cHigh
    8.81657681094   1   0     1.00000000000  Avolume_0
    0.00000000000   0   0     1.00000000000  Avolume_1
   33.75781134859   1   0     1.00000000000  Bvolume_0
    0.00000000000   0   0     1.00000000000  Bvolume_1
    1.25757021535   1   0    50.00000000000   rvolume0
    0.00000000000   0   0   100.00000000000   rvolume1
    0.00000000000   0   0  1000.00000000000     deltaR
   40.00000000000   0   0     1.00000000000       expR
    0.60000000000   0   0    20.00000000000   avolume0
    0.00000000000   0   0  1000.00000000000   avolume1
   60.00000000000   0   0     1.00000000000         Ea
    0.08000000000   0   0  1000.00000000000 alphaOverA
    6.03498215068   1   0     1.00000000000        Vso
    0.00000000000   0   0   100.00000000000    VspinoE
    1.03776399548   1   0    50.00000000000       rso0
    0.00000000000   0   0    50.00000000000       rso1
    0.67067216769   0   0    20.00000000000       aso0
    0.00000000000   0   0   100.00000000000       aso1
   -4.12092452693   1   0    10.00000000000       AWso
  208.00000000000   0   0     1.00000000000       BWso
 
 minimun chi squared = 181.14380860928
