         4
    1.80624732545   1   0    50.00000000000         rC
    2.57329614527   1   0    50.00000000000     fEcoul
   52.49135436947   0   0     1.00000000000       AHF0
   33.49332062325   0   0     1.00000000000       AHF1
    0.37928024761   1   0   100.00000000000      alpha
   -0.00104249945   1   0 10000.00000000000       beta
    0.00000044176   1   0 1000000.00000000000      gamma
    1.22455148096   1   0    50.00000000000       rHF0
    0.00000000000   0   0   200.00000000000       rHF1
    0.64361195725   1   0    20.00000000000       aHF0
    0.00000000000   0   0    20.00000000000       aHF1
    0.60000000000   0   0    50.00000000000       fGap
   10.28997476217   1   0     1.00000000000   Bsurface
   26.53211228927   1   0    10.00000000000   Csurface
   14.84541353415   1   0     1.00000000000   Dsurface
   39.16817638873   0   0     1.00000000000 Asurface208P
   28.89045074262   0   0     2.00000000000 Asurface208N
   19.37457035974   1   0     2.00000000000 Asurface40P
   22.59573058707   1   0     2.00000000000 Asurface40N
   37.33579334179   0   0     2.00000000000 Asurface48P
   12.01077254005   0   0     1.00000000000 Asurface48N
   13.17426112839   0   0     1.00000000000 Asurface42P
   12.78596185320   0   0     1.00000000000 Asurface44P
   10.56752913480   0   0     1.00000000000 Asurface58P
    3.53057084129   0   0     1.00000000000 Asurface58N
    6.18383849731   0   0     1.00000000000 Asurface60P
    1.44836631071   0   0     1.00000000000 Asurface60N
    9.52451158650   0   0     1.00000000000 Asurface62P
    0.30438884429   0   0     1.00000000000 Asurface62N
    6.50079863938   0   0     1.00000000000 Asurface64P
   12.92638374415   0   0     1.00000000000 Asurface64N
   12.56672647103   0   0     1.00000000000 Asurface54P
   12.56672647103   0   0     1.00000000000 Asurface54N
   12.56672647103   0   0     1.00000000000 Asurface52N
    1.16085688120   1   0    50.00000000000   rsurface
    0.55317515489   1   0    20.00000000000   asurface
   11.00000000000   0   1   100.00000000000   Epvolume
    5.15021078393   1   0     1.00000000000  Avolume_0
    2.85721871043   0   0     1.00000000000  Avolume_1
   30.84146511144   1   0     1.00000000000  Bvolume_0
    0.00000000000   0   0     1.00000000000  Bvolume_1
    1.39766566084   1   0    50.00000000000   rvolume0
    0.00000000000   0   0   100.00000000000   rvolume1
    0.00000000000   0   0  1000.00000000000     deltaR
   40.00000000000   0   0     1.00000000000       expR
    0.87518576054   1   0    20.00000000000   avolume0
    0.00000000000   0   0  1000.00000000000   avolume1
   60.00000000000   0   0     1.00000000000         Ea
    0.08000000000   0   0  1000.00000000000 alphaOverA
    3.76862387143   1   0     1.00000000000        Vso
    0.00000000000   0   0   100.00000000000    VspinoE
    1.26245427169   1   0    50.00000000000       rso0
   -0.65900000000   0   0    50.00000000000       rso1
    0.54130400448   1   0    20.00000000000       aso0
    0.00000000000   0   0   100.00000000000       aso1
   -3.44665371233   1   0    10.00000000000       AWso
  209.68720209296   1   0     1.00000000000       BWso
 
 minimun chi squared = 77.26997021245
