         4
    1.30000000000   0   0    50.00000000000         rC
    1.00000000000   0   0    50.00000000000     fEcoul
   46.49135436947   0   0     1.00000000000       AHF0
   33.49332062325   0   0     1.00000000000       AHF1
    0.50295427221   1   0   100.00000000000      alpha
   -0.00077746364   1   0 10000.00000000000       beta
   -0.00000245332   1   0 1000000.00000000000      gamma
    8.12027161785   1   0   500.00000000000     alphaS
    0.00000000000   0   0     1.00000000000      betaS
   48.52008021547   1   0     1.00000000000     gammaS
    1.21649832645   1   0    50.00000000000       rHF0
    0.00000000000   0   0   200.00000000000       rHF1
    0.62411512279   1   0    20.00000000000       aHF0
    0.00000000000   0   0    20.00000000000       aHF1
    0.89467704913   1   0    50.00000000000       fGap
   13.45988186209   1   0     1.00000000000   Bsurface
   22.68216165835   1   0    10.00000000000   Csurface
    8.00000000000   0   0     1.00000000000   Dsurface
   39.16817638873   0   0     1.00000000000 Asurface208P
   28.89045074262   0   0     2.00000000000 Asurface208N
   24.71561522709   1   0     2.00000000000 Asurface40P
   27.06845693882   1   0     2.00000000000 Asurface40N
   46.86557031752   1   0     2.00000000000 Asurface48P
   20.09302684282   1   0     1.00000000000 Asurface48N
   34.66649056423   0   0     1.00000000000 Asurface42P
   38.65257758276   0   0     1.00000000000 Asurface44P
   27.05441370038   0   0     1.00000000000 Asurface58P
   30.59173069088   0   0     1.00000000000 Asurface58N
   31.26803754194   0   0     1.00000000000 Asurface60P
   29.06959089008   0   0     1.00000000000 Asurface60N
   37.39122158109   0   0     1.00000000000 Asurface62P
   45.78289855831   0   0     1.00000000000 Asurface62N
   30.71969841106   0   0     1.00000000000 Asurface64P
   24.77576375908   0   0     1.00000000000 Asurface64N
   22.95167104943   0   0     1.00000000000 Asurface54P
   25.07355297215   0   0     1.00000000000 Asurface54N
   12.56672647103   0   0     1.00000000000 Asurface120P
    1.19680246517   1   0    50.00000000000   rsurface
    0.60000000000   0   0    20.00000000000   asurface
   11.00000000000   0   1   100.00000000000   Epvolume
    1.28634567216   1   0   100.00000000000      fHigh
   24.43023969378   1   0     1.00000000000      bHigh
    0.02876979836   1   0  1000.00000000000      cHigh
    9.92859997519   1   0     1.00000000000  Avolume_0
    0.00000000000   0   0     1.00000000000  Avolume_1
   39.75726574034   1   0     1.00000000000  Bvolume_0
    0.00000000000   0   0     1.00000000000  Bvolume_1
    1.27813296411   1   0    50.00000000000   rvolume0
    0.00000000000   0   0   100.00000000000   rvolume1
    0.00000000000   0   0  1000.00000000000     deltaR
   40.00000000000   0   0     1.00000000000       expR
    0.60000000000   0   0    20.00000000000   avolume0
    0.00000000000   0   0  1000.00000000000   avolume1
   60.00000000000   0   0     1.00000000000         Ea
    0.08000000000   0   0  1000.00000000000 alphaOverA
    6.00053056426   1   0     1.00000000000        Vso
    0.00000000000   0   0   100.00000000000    VspinoE
    1.02167081755   1   0    50.00000000000       rso0
    0.00000000000   0   0    50.00000000000       rso1
    0.67067216769   0   0    20.00000000000       aso0
    0.00000000000   0   0   100.00000000000       aso1
   -4.18704772173   1   0    10.00000000000       AWso
  208.00000000000   0   0     1.00000000000       BWso
 
 minimun chi squared = 475.70184978539
