         4
    1.30000000000   0   0    50.00000000000         rC
    3.08539383106   1   0    50.00000000000     fEcoul
   46.49135436947   0   0     1.00000000000       AHF0
   33.49332062325   0   0     1.00000000000       AHF1
    0.48588545835   1   0   100.00000000000      alpha
   -0.00055595423   1   0 10000.00000000000       beta
   -0.00000318269   1   0 1000000.00000000000      gamma
    8.63533783738   1   0   500.00000000000     alphaS
    0.00000000000   0   0     1.00000000000      betaS
   41.85575021303   1   0     1.00000000000     gammaS
    1.21783487459   1   0    50.00000000000       rHF0
    0.00000000000   0   0   200.00000000000       rHF1
    0.64348839100   1   0    20.00000000000       aHF0
    0.00000000000   0   0    20.00000000000       aHF1
    0.91753212080   1   0    50.00000000000       fGap
   14.23222952851   1   0     1.00000000000   Bsurface
   22.85680781434   1   0    10.00000000000   Csurface
    8.00000000000   0   0     1.00000000000   Dsurface
   39.16817638873   0   0     1.00000000000 Asurface208P
   28.89045074262   0   0     2.00000000000 Asurface208N
   27.47799677586   1   0     2.00000000000 Asurface40P
   31.92367464747   1   0     2.00000000000 Asurface40N
   38.36696556341   1   0     2.00000000000 Asurface48P
   20.44960917589   1   0     1.00000000000 Asurface48N
   31.79275954407   0   0     1.00000000000 Asurface42P
   35.27411876860   0   0     1.00000000000 Asurface44P
   26.06832948489   0   0     1.00000000000 Asurface58P
   29.98483925685   0   0     1.00000000000 Asurface58N
   30.16630357382   0   0     1.00000000000 Asurface60P
   27.18647013253   0   0     1.00000000000 Asurface60N
   33.42561727918   0   0     1.00000000000 Asurface62P
   42.32148921857   0   0     1.00000000000 Asurface62N
   35.98605266422   0   0     1.00000000000 Asurface64P
   24.08562216047   0   0     1.00000000000 Asurface64N
   22.94549433809   0   0     1.00000000000 Asurface54P
   25.80512930203   0   0     1.00000000000 Asurface54N
   12.56672647103   0   0     1.00000000000 Asurface52N
    1.18901778096   1   0    50.00000000000   rsurface
    0.60000000000   0   0    20.00000000000   asurface
   11.00000000000   0   1   100.00000000000   Epvolume
    1.26929891883   1   0   100.00000000000      fHigh
   26.20047784037   1   0     1.00000000000      bHigh
    0.03025606697   1   0  1000.00000000000      cHigh
    9.13379955431   1   0     1.00000000000  Avolume_0
    0.00000000000   0   0     1.00000000000  Avolume_1
   36.90807804972   1   0     1.00000000000  Bvolume_0
    0.00000000000   0   0     1.00000000000  Bvolume_1
    1.28860885494   1   0    50.00000000000   rvolume0
    0.00000000000   0   0   100.00000000000   rvolume1
    0.00000000000   0   0  1000.00000000000     deltaR
   40.00000000000   0   0     1.00000000000       expR
    0.60000000000   0   0    20.00000000000   avolume0
    0.00000000000   0   0  1000.00000000000   avolume1
   60.00000000000   0   0     1.00000000000         Ea
    0.08000000000   0   0  1000.00000000000 alphaOverA
    6.08967401464   1   0     1.00000000000        Vso
    0.00000000000   0   0   100.00000000000    VspinoE
    1.04238646611   1   0    50.00000000000       rso0
    0.00000000000   0   0    50.00000000000       rso1
    0.67067216769   0   0    20.00000000000       aso0
    0.00000000000   0   0   100.00000000000       aso1
   -3.99961858628   1   0    10.00000000000       AWso
  208.00000000000   0   0     1.00000000000       BWso
 
 minimun chi squared = 274.46175005573
