         4
    1.71252824513   1   0    50.00000000000         rC
    6.05282157867   1   0    50.00000000000     fEcoul
   46.49135436947   0   0     1.00000000000       AHF0
   33.49332062325   0   0     1.00000000000       AHF1
    0.46263163806   1   0   100.00000000000      alpha
   -0.00083379327   1   0 10000.00000000000       beta
   -0.00000219215   1   0 1000000.00000000000      gamma
    3.04822496052   1   0   500.00000000000     alphaS
   95.89545586949   1   0     1.00000000000      betaS
  183.16434652799   1   0     1.00000000000     gammaS
    1.22492393049   1   0    50.00000000000       rHF0
    0.00000000000   0   0   200.00000000000       rHF1
    0.63756320698   1   0    20.00000000000       aHF0
    0.00000000000   0   0    20.00000000000       aHF1
    0.73459667229   1   0    50.00000000000       fGap
    7.78162000664   1   0     1.00000000000   Bsurface
   26.45828056931   1   0    10.00000000000   Csurface
    9.00000000000   0   0     1.00000000000   Dsurface
   39.16817638873   0   0     1.00000000000 Asurface208P
   28.89045074262   0   0     2.00000000000 Asurface208N
   14.60471214095   1   0     2.00000000000 Asurface40P
   11.01014215890   1   0     2.00000000000 Asurface40N
   26.90446985051   1   0     2.00000000000 Asurface48P
    5.93306697898   1   0     1.00000000000 Asurface48N
   13.17426112839   0   0     1.00000000000 Asurface42P
   12.78596185320   0   0     1.00000000000 Asurface44P
   10.56752913480   0   0     1.00000000000 Asurface58P
    3.53057084129   0   0     1.00000000000 Asurface58N
    6.18383849731   0   0     1.00000000000 Asurface60P
    1.44836631071   0   0     1.00000000000 Asurface60N
    9.52451158650   0   0     1.00000000000 Asurface62P
    0.30438884429   0   0     1.00000000000 Asurface62N
    6.50079863938   0   0     1.00000000000 Asurface64P
   12.92638374415   0   0     1.00000000000 Asurface64N
   12.56672647103   0   0     1.00000000000 Asurface54P
   12.56672647103   0   0     1.00000000000 Asurface54N
   12.56672647103   0   0     1.00000000000 Asurface52N
    1.17178538966   1   0    50.00000000000   rsurface
    0.53233053374   1   0    20.00000000000   asurface
   11.00000000000   0   1   100.00000000000   Epvolume
    0.69110131728   1   0   100.00000000000      fHigh
   19.32545691736   1   0     1.00000000000      bHigh
    0.04436083842   1   0  1000.00000000000      cHigh
    9.10971548880   1   0     1.00000000000  Avolume_0
   -0.78704104389   1   0     1.00000000000  Avolume_1
   33.65659653091   1   0     1.00000000000  Bvolume_0
    0.00000000000   0   0     1.00000000000  Bvolume_1
    1.20251939582   1   0    50.00000000000   rvolume0
    0.00000000000   0   0   100.00000000000   rvolume1
    0.00000000000   0   0  1000.00000000000     deltaR
   40.00000000000   0   0     1.00000000000       expR
    0.90163894694   1   0    20.00000000000   avolume0
    0.00000000000   0   0  1000.00000000000   avolume1
   60.00000000000   0   0     1.00000000000         Ea
    0.08000000000   0   0  1000.00000000000 alphaOverA
    6.18558836284   1   0     1.00000000000        Vso
    0.00610406030   1   0   100.00000000000    VspinoE
    1.04356790785   1   0    50.00000000000       rso0
    0.00000000000   0   0    50.00000000000       rso1
    0.53168641698   1   0    20.00000000000       aso0
    0.00000000000   0   0   100.00000000000       aso1
   -2.24910572852   1   0    10.00000000000       AWso
   78.37218617000   1   0     1.00000000000       BWso
 
 minimun chi squared = 647.96037822556
