         4
    1.30000000000   0   0    50.00000000000         rC
    1.00000000000   0   0    50.00000000000     fEcoul
   46.49135436947   0   0     1.00000000000       AHF0
   33.49332062325   0   0     1.00000000000       AHF1
    0.49551718077   1   0   100.00000000000      alpha
   -0.00073654305   1   0 10000.00000000000       beta
   -0.00000183186   1   0 1000000.00000000000      gamma
    9.74849207181   1   0   500.00000000000     alphaS
    0.00000000000   0   0   500.00000000000   alphaSNZ
    0.00000000000   0   0     1.00000000000      betaS
   48.42060466360   1   0     1.00000000000     gammaS
    1.21719708357   1   0    50.00000000000       rHF0
    0.00000000000   0   0   200.00000000000       rHF1
    0.00000000000   0   0   200.00000000000      rHFNZ
    0.64415815483   1   0    20.00000000000       aHF0
    0.00000000000   0   0    20.00000000000       aHF1
    0.98579710249   1   0    50.00000000000       fGap
   11.57246105075   1   0     1.00000000000   Bsurface
   38.17568215626   1   0    10.00000000000   Csurface
   10.48042272782   1   0     1.00000000000   Dsurface
   39.16817638873   0   0     1.00000000000 Asurface208P
   28.89045074262   0   0     2.00000000000 Asurface208N
   14.40515348259   0   0     2.00000000000 Asurface40P
   16.18238159034   1   0     2.00000000000 Asurface40N
   18.20410083846   0   0     2.00000000000 Asurface48P
   13.10586631258   1   0     1.00000000000 Asurface48N
   16.87090392151   0   0     1.00000000000 Asurface42P
   20.01409268992   0   0     1.00000000000 Asurface44P
   15.36414771281   0   0     1.00000000000 Asurface58P
   34.41655610718   0   0     1.00000000000 Asurface58N
   18.16272018743   0   0     1.00000000000 Asurface60P
   28.28616634686   0   0     1.00000000000 Asurface60N
   22.90960667842   0   0     1.00000000000 Asurface62P
   21.83078146549   0   0     1.00000000000 Asurface62N
   19.16128784307   0   0     1.00000000000 Asurface64P
   20.43742684945   0   0     1.00000000000 Asurface64N
   13.86617822485   0   0     1.00000000000 Asurface54P
   14.93709232902   0   0     1.00000000000 Asurface54N
   13.86617822485   0   0     1.00000000000 Asurface90P
   14.93709232902   0   0     1.00000000000 Asurface92P
   12.56672647103   0   0     1.00000000000 Asurface112P
   12.56672647103   0   0     1.00000000000 Asurface114P
   12.56672647103   0   0     1.00000000000 Asurface116P
   12.56672647103   0   0     1.00000000000 Asurface118P
   12.56672647103   0   0     1.00000000000 Asurface120P
   12.56672647103   0   0     1.00000000000 Asurface120N
   12.56672647103   0   0     1.00000000000 Asurface122P
   12.56672647103   0   0     1.00000000000 Asurface124P
   12.56672647103   0   0     1.00000000000 Asurface9P
   12.56672647103   0   0     1.00000000000 Asurface9N
    1.15868838860   1   0    50.00000000000   rsurface
    0.60000000000   0   0    20.00000000000   asurface
   11.00000000000   0   1   100.00000000000   Epvolume
   12.27106972954   1   0   100.00000000000      aHigh
    0.00000000000   0   0   100.00000000000    aHighNZ
   -1.00000000000   0   0     1.00000000000      bHigh
    0.02515239861   1   0  1000.00000000000      cHigh
    9.24989331715   1   0     1.00000000000  Avolume_0
    0.00000000000   0   0     1.00000000000  Avolume_1
   41.44506045757   1   0     1.00000000000  Bvolume_0
    0.00000000000   0   0     1.00000000000  Bvolume_1
    1.28591075630   1   0    50.00000000000   rvolume0
    0.00000000000   0   0    50.00000000000  rvolumeNZ
    0.00000000000   0   0   100.00000000000   rvolume1
    0.00000000000   0   0  1000.00000000000     deltaR
    0.00000000000   0   0  1000.00000000000   deltaRNZ
   37.05722795884   0   0     1.00000000000       expR
    0.60000000000   0   0    20.00000000000   avolume0
    0.00000000000   0   0  1000.00000000000   avolume1
   60.00000000000   0   0     1.00000000000         Ea
    0.08000000000   0   0  1000.00000000000 alphaOverA
    6.35255170118   1   0     1.00000000000        Vso
   -6.82177082547   1   0     2.00000000000      VsoNZ
    0.00000000000   0   0   100.00000000000    VspinoE
    1.03740537600   1   0    50.00000000000       rso0
    0.00000000000   0   0    50.00000000000       rso1
    0.67067216769   0   0    20.00000000000       aso0
    0.00000000000   0   0   100.00000000000       aso1
   -3.97605391283   0   0    10.00000000000       AWso
  208.00000000000   0   0     1.00000000000       BWso
 
 minimun chi squared = 0.00000000000
