         4
    1.63450734831   1   0    50.00000000000         rC
    4.81799091929   1   0    50.00000000000     fEcoul
   46.49135436947   0   0     1.00000000000       AHF0
   33.49332062325   0   0     1.00000000000       AHF1
    0.47659151712   1   0   100.00000000000      alpha
   -0.00101505615   1   0 10000.00000000000       beta
   -0.00000201510   1   0 1000000.00000000000      gamma
    6.79346021243   1   0   500.00000000000     alphaS
  202.90914933392   1   0     1.00000000000      betaS
  123.57275909162   1   0     1.00000000000     gammaS
    1.16046520214   1   0    50.00000000000       rHF0
    0.00000000000   0   0   200.00000000000       rHF1
    0.62538240007   1   0    20.00000000000       aHF0
    0.00000000000   0   0    20.00000000000       aHF1
    0.96603347284   1   0    50.00000000000       fGap
    8.92402882216   1   0     1.00000000000   Bsurface
   25.93750573599   1   0    10.00000000000   Csurface
    9.71106852523   1   0     1.00000000000   Dsurface
   39.16817638873   0   0     1.00000000000 Asurface208P
   28.89045074262   0   0     2.00000000000 Asurface208N
   35.07822444129   1   0     2.00000000000 Asurface40P
   19.15796496001   1   0     2.00000000000 Asurface40N
   47.95686377240   1   0     2.00000000000 Asurface48P
   13.14568562927   1   0     1.00000000000 Asurface48N
   13.17426112839   0   0     1.00000000000 Asurface42P
   12.78596185320   0   0     1.00000000000 Asurface44P
   10.56752913480   0   0     1.00000000000 Asurface58P
    3.53057084129   0   0     1.00000000000 Asurface58N
    6.18383849731   0   0     1.00000000000 Asurface60P
    1.44836631071   0   0     1.00000000000 Asurface60N
    9.52451158650   0   0     1.00000000000 Asurface62P
    0.30438884429   0   0     1.00000000000 Asurface62N
    6.50079863938   0   0     1.00000000000 Asurface64P
   12.92638374415   0   0     1.00000000000 Asurface64N
   12.56672647103   0   0     1.00000000000 Asurface54P
   12.56672647103   0   0     1.00000000000 Asurface54N
   12.56672647103   0   0     1.00000000000 Asurface52N
    1.17262882869   1   0    50.00000000000   rsurface
    0.49043247434   1   0    20.00000000000   asurface
   11.00000000000   0   1   100.00000000000   Epvolume
   -0.03248005591   1   0   100.00000000000      fHigh
   37.42475975916   1   0     1.00000000000      bHigh
   -0.00830646363   1   0  1000.00000000000      cHigh
    9.23093743220   1   0     1.00000000000  Avolume_0
    0.00000000000   0   0     1.00000000000  Avolume_1
   30.38964251773   1   0     1.00000000000  Bvolume_0
    0.00000000000   0   0     1.00000000000  Bvolume_1
    1.17953135810   1   0    50.00000000000   rvolume0
    0.00000000000   0   0   100.00000000000   rvolume1
    0.00000000000   0   0  1000.00000000000     deltaR
   40.00000000000   0   0     1.00000000000       expR
    1.12670551218   1   0    20.00000000000   avolume0
    0.00000000000   0   0  1000.00000000000   avolume1
   60.00000000000   0   0     1.00000000000         Ea
    0.08000000000   0   0  1000.00000000000 alphaOverA
    5.67135542054   1   0     1.00000000000        Vso
    0.00678455596   1   0   100.00000000000    VspinoE
    1.08185290752   1   0    50.00000000000       rso0
    0.00000000000   0   0    50.00000000000       rso1
    0.62067216769   1   0    20.00000000000       aso0
    0.00000000000   0   0   100.00000000000       aso1
   -1.41105356158   1   0    10.00000000000       AWso
  170.00000000000   0   0     1.00000000000       BWso
 
 minimun chi squared = 458.81129515234
