         4
    1.30000000000   0   0    50.00000000000        rC0
    0.00000000000   0   0    50.00000000000        rC1
    1.00000000000   0   0    50.00000000000     fEcoul
   48.28454754078   1   0     1.00000000000       AHF0
   33.49332062325   0   0     1.00000000000       AHF1
    0.74625192506   1   0    50.00000000000  beta_nl_R
    0.00000000000   0   0    50.00000000000  beta_nl_I
    0.00000000000   0   0   500.00000000000     alphaS
    0.00000000000   0   0   500.00000000000    alphaSA
    0.00000000000   0   0   500.00000000000   alphaSNZ
    0.00000000000   0   0     1.00000000000      betaS
    0.00000000000   0   0     1.00000000000     betaSA
    0.00000000000   0   0     1.00000000000     gammaS
    0.00000000000   0   0    10.00000000000    gammaSA
    1.23311598925   1   0    50.00000000000       rHF0
    0.00000000000   0   0   200.00000000000       rHF1
    0.00000000000   0   0   200.00000000000      rHFNZ
    0.69904234812   1   0    20.00000000000       aHF0
    0.00000000000   0   0    20.00000000000       aHF1
    0.80000000000   0   0    50.00000000000       fGap
   11.39977260375   1   0     1.00000000000   Bsurface
    0.00000000000   0   0   100.00000000000  BsurfaceA
   40.36608462504   1   0    10.00000000000   Csurface
    0.00000000000   0   0    10.00000000000  CsurfaceA
   12.43077109014   1   0     1.00000000000   Dsurface
   12.56672647103   0   0     1.00000000000 Asurface9P
   12.56672647103   0   0     1.00000000000 Asurface9N
   13.02517926672   1   0     2.00000000000 Asurface40P
   15.60338131877   0   0     2.00000000000 Asurface40N
   18.48201074917   0   0     1.00000000000 Asurface42P
   19.55971617239   0   0     1.00000000000 Asurface44P
   19.09877253341   0   0     2.00000000000 Asurface48P
   14.16088385031   0   0     1.00000000000 Asurface48N
   20.74019022000   0   0     1.00000000000 Asurface50P
   16.80676724291   0   0     1.00000000000 Asurface52P
   16.92822893150   0   0     1.00000000000 Asurface52N
   15.13530783164   0   0     1.00000000000 Asurface54P
   15.58624086850   0   0     1.00000000000 Asurface54N
   16.39805134343   0   0     1.00000000000 Asurface58P
   15.97717433085   0   0     1.00000000000 Asurface58N
   17.83352856225   0   0     1.00000000000 Asurface60P
   16.30388791257   0   0     1.00000000000 Asurface60N
   19.19304322106   0   0     1.00000000000 Asurface62P
   21.83078146549   0   0     1.00000000000 Asurface62N
   18.27361037333   0   0     1.00000000000 Asurface64P
   20.43742684945   0   0     1.00000000000 Asurface64N
   14.93709232902   0   0     1.00000000000 Asurface88P
   13.86617822485   0   0     1.00000000000 Asurface90P
   14.93709232902   0   0     1.00000000000 Asurface92P
   14.93709232902   0   0     1.00000000000 Asurface92N
   12.56672647103   0   0     1.00000000000 Asurface112P
   12.56672647103   0   0     1.00000000000 Asurface114P
   12.56672647103   0   0     1.00000000000 Asurface116P
   12.56672647103   0   0     1.00000000000 Asurface116N
   12.56672647103   0   0     1.00000000000 Asurface118P
   12.56672647103   0   0     1.00000000000 Asurface118N
   12.56672647103   0   0     1.00000000000 Asurface120P
   12.56672647103   0   0     1.00000000000 Asurface120N
   12.56672647103   0   0     1.00000000000 Asurface122P
   12.56672647103   0   0     1.00000000000 Asurface124P
   12.56672647103   0   0     1.00000000000 Asurface124N
   39.16817638873   0   0     1.00000000000 Asurface206P
   39.16817638873   0   0     1.00000000000 Asurface208P
   28.89045074262   0   0     2.00000000000 Asurface208N
    1.15398433120   1   0    50.00000000000  rsurface0
    0.00000000000   0   0    50.00000000000  rsurface1
    0.60000000000   0   0    20.00000000000   asurface
   11.00000000000   0   1   100.00000000000   Epvolume
    8.51688529257   1   0     1.00000000000  Avolume_0
    4.22000000000   0   0     1.00000000000  Avolume_1
    0.00000000000   0   0    10.00000000000  AvolumeA3
   40.26195164625   1   0     1.00000000000  Bvolume_0
    0.00000000000   0   0     1.00000000000  Bvolume_1
    0.00000000000   0   0     1.00000000000  BvolumeA3
    1.29663585469   1   0    50.00000000000   rvolume0
    0.00000000000   0   0    50.00000000000  rvolumeNZ
    0.00000000000   0   0   100.00000000000   rvolume1
    2.92169712707   1   0  1000.00000000000     deltaR
    0.00000000000   0   0  1000.00000000000   deltaRNZ
    0.00000000000   0   0  1000.00000000000    deltaRA
   35.52000000000   0   0     1.00000000000       expR
    0.60000000000   0   0    20.00000000000   avolume0
    0.00000000000   0   0  1000.00000000000   avolume1
   60.00000000000   0   0     1.00000000000         Ea
    0.08103219311   1   0  1000.00000000000 alphaOverA
    6.28782957054   1   0     1.00000000000        Vso
   -1.30500000000   0   0     2.00000000000      VsoNZ
    0.00000000000   0   0   100.00000000000    VspinoE
    0.98198953504   0   0    50.00000000000       rso0
    0.00000000000   0   0    50.00000000000       rso1
    0.70000000000   0   0    20.00000000000       aso0
    0.00000000000   0   0   100.00000000000       aso1
   -3.65000000000   0   0    10.00000000000       AWso
  208.00000000000   0   0     1.00000000000       BWso
 
 minimun chi squared = 0.00000000000
