         4          2          4          2          4
    1.31000000000   0   0    50.00000000000         rC
   28.49135436947   0   0     1.00000000000       AHF0
   33.49332062325   0   0     1.00000000000       AHF1
    0.45497745416   1   0    10.00000000000       BHF0
    0.00000000000   0   0    10.00000000000       BHF1
   26.69221359270   1   0     2.00000000000        CHF
    0.16044508458   1   0    10.00000000000        DHF
    0.00000000000   0   0     1.00000000000        EHF
    0.29443501256   1   0     1.00000000000        FHF
    1.17352180271   1   0    50.00000000000        rHF
    0.72510044832   1   0    20.00000000000        aHF
    0.00000000000   0   1   100.00000000000 Epsurface1
   14.55432503908   1   0     1.00000000000  Asurface1
   10.83259658761   1   0     5.00000000000  Bsurface1
    0.05000000000   0   0  1000.00000000000  Csurface1
   65.57573061454   1   1     1.00000000000   DeltaEp1
    0.53110162078   1   0     1.00000000000 Bsurface12
  115.81128989410   0   0     1.00000000000 Asurface2prot
  115.81128989410   0   0     1.00000000000 Asurface2neut
    7.55367581759   0   0     1.00000000000  Bsurface2
    0.05000000000   0   0  1000.00000000000  Csurface2
    5.69300000000   0   1     1.00000000000   DeltaEp2
   16.43879899751   0   0     1.00000000000 Bsurface22
    1.27405164627   1   0    50.00000000000   rsurface
    0.63669436102   1   0    20.00000000000   asurface
    0.00000000000   0   1   100.00000000000   Epvolume
    7.06100000000   0   0     1.00000000000  Avolume_0
    4.12300000000   0   0     1.00000000000  Avolume_1
   32.49259765860   0   0     1.00000000000  Bvolume_0
    0.00000000000   0   0     1.00000000000  Bvolume_1
    1.36124445386   1   0    50.00000000000    Rvolume
    0.00000000000   0   0   100.00000000000     deltaR
    0.02870636596   0   0  1000.00000000000       expR
    0.67497249788   0   0    20.00000000000    avolume
   60.00000000000   0   0     1.00000000000         Ea
    0.10000000000   0   0  1000.00000000000 alphaOverA
    3.38523727253   1   0     1.00000000000        Vso
    0.00000000000   0   0   100.00000000000    VspinoE
    1.04801380572   1   0    50.00000000000        rso
    0.47351253748   1   0    20.00000000000        aso
   -3.47083166418   1   0    10.00000000000       AWso
  207.50612233875   1   0     1.00000000000       BWso
 
 minimun chi squared = 653.07927283387
