         4          2          4          2          4
    1.31000000000   0   0    50.00000000000         rC
   38.49135436947   0   0     1.00000000000       AHF0
   33.49332062325   0   0     1.00000000000       AHF1
    0.39321809438   1   0    10.00000000000       BHF0
    0.00000000000   0   0    10.00000000000       BHF1
   24.32294757748   1   0     2.00000000000        CHF
    0.15696408285   1   0    10.00000000000        DHF
    0.00000000000   0   0     1.00000000000        EHF
    2.37620210893   1   0     1.00000000000        FHF
    1.18048046761   1   0    50.00000000000        rHF
    0.70957863613   1   0    20.00000000000        aHF
    0.00000000000   0   1   100.00000000000 Epsurface1
    6.38588890438   1   0     1.00000000000  Asurface1
    9.53623478352   1   0     5.00000000000  Bsurface1
    0.00000000000   0   0  1000.00000000000  Csurface1
   84.29046750303   1   1     1.00000000000   DeltaEp1
   36.26631048545   1   0     1.00000000000 Bsurface12
  115.81128989410   1   0     1.00000000000 Asurface2prot
  115.81128989410   1   0     1.00000000000 Asurface2neut
    7.55367581759   1   0     1.00000000000  Bsurface2
    0.00000000000   0   0  1000.00000000000  Csurface2
   32.41855722903   1   1     1.00000000000   DeltaEp2
   16.43879899751   1   0     1.00000000000 Bsurface22
    1.26391232715   1   0    50.00000000000   rsurface
    0.62339859699   1   0    20.00000000000   asurface
    0.02328269844   0   1   100.00000000000   Epvolume
    6.10530115595   1   0     1.00000000000  Avolume_0
    0.00000000000   0   0     1.00000000000  Avolume_1
   47.00259765860   1   0     1.00000000000  Bvolume_0
    0.00000000000   0   0     1.00000000000  Bvolume_1
    1.36463442889   1   0    50.00000000000    Rvolume
    0.00000000000   0   0   100.00000000000     deltaR
    0.02870636596   0   0  1000.00000000000       expR
    0.62268249788   1   0    20.00000000000    avolume
   60.00000000000   0   0     1.00000000000         Ea
    0.08000000000   0   0  1000.00000000000 alphaOverA
    5.17797319552   1   0     1.00000000000        Vso
   -0.00566773807   1   0   100.00000000000    VspinoE
    1.04675147154   1   0    50.00000000000        rso
    0.67011872105   1   0    20.00000000000        aso
   -4.37041538845   1   0    10.00000000000       AWso
  208.55426710838   1   0     1.00000000000       BWso
 
 minimun chi squared = 0.00000000000
