         4          2          4          2          4
    1.31000000000   0   0    50.00000000000         rC
   38.49135436947   0   0     1.00000000000       AHF0
   33.49332062325   0   0     1.00000000000       AHF1
    0.44835854411   1   0    10.00000000000       BHF0
    0.00000000000   0   0    10.00000000000       BHF1
   26.61987428884   1   0     2.00000000000        CHF
    0.16094244452   1   0    10.00000000000        DHF
    0.00000000000   0   0     1.00000000000        EHF
    1.67909445395   1   0     1.00000000000        FHF
    1.17560099921   1   0    50.00000000000        rHF
    0.68408691413   1   0    20.00000000000        aHF
    0.00000000000   0   1   100.00000000000 Epsurface1
    6.25880685879   1   0     1.00000000000  Asurface1
   10.96369856500   1   0     5.00000000000  Bsurface1
    0.00000000000   0   0  1000.00000000000  Csurface1
   82.94923366065   1   1     1.00000000000   DeltaEp1
   32.37332567684   1   0     1.00000000000 Bsurface12
  241.11203413348   1   0     1.00000000000 Asurface2prot
  -59.22518646300   1   0     1.00000000000 Asurface2neut
    8.94607656138   1   0     1.00000000000  Bsurface2
    0.00000000000   0   0  1000.00000000000  Csurface2
    0.04377921832   1   1     1.00000000000   DeltaEp2
   10.65559789480   1   0     1.00000000000 Bsurface22
    1.23599686593   1   0    50.00000000000   rsurface
    0.59913452362   1   0    20.00000000000   asurface
    0.00000000000   0   1   100.00000000000   Epvolume
    6.06629979256   1   0     1.00000000000  Avolume_0
   -0.25793387398   1   0     1.00000000000  Avolume_1
   43.21131119412   1   0     1.00000000000  Bvolume_0
    0.00000000000   0   0     1.00000000000  Bvolume_1
    1.39249086669   1   0    50.00000000000    Rvolume
    0.00000000000   0   0   100.00000000000     deltaR
    0.02870636596   0   0  1000.00000000000       expR
    0.61819248902   1   0    20.00000000000    avolume
   60.00000000000   0   0     1.00000000000         Ea
    0.08376317581   1   0  1000.00000000000 alphaOverA
    6.04360158364   1   0     1.00000000000        Vso
   -0.00181115036   1   0   100.00000000000    VspinoE
    1.04989271350   1   0    50.00000000000        rso
    0.64555884462   1   0    20.00000000000        aso
   -4.27442925628   1   0    10.00000000000       AWso
  208.78644157764   1   0     1.00000000000       BWso
 
 minimun chi squared = 0.00000000000
